ARM GAS  /tmp/ccfSE4ot.s 			page 1


   1              		.syntax unified
   2              		.cpu cortex-m3
   3              		.fpu softvfp
   4              		.eabi_attribute 20, 1
   5              		.eabi_attribute 21, 1
   6              		.eabi_attribute 23, 3
   7              		.eabi_attribute 24, 1
   8              		.eabi_attribute 25, 1
   9              		.eabi_attribute 26, 1
  10              		.eabi_attribute 30, 2
  11              		.eabi_attribute 34, 1
  12              		.eabi_attribute 18, 4
  13              		.thumb
  14              		.file	"pmc.c"
  15              		.text
  16              	.Ltext0:
  17              		.cfi_sections	.debug_frame
  18              		.section	.text.PMC_EnablePeripheral,"ax",%progbits
  19              		.align	2
  20              		.p2align 4,,15
  21              		.global	PMC_EnablePeripheral
  22              		.thumb
  23              		.thumb_func
  24              		.type	PMC_EnablePeripheral, %function
  25              	PMC_EnablePeripheral:
  26              	.LFB0:
  27              		.file 1 "../../../../ext/ChibiOS//os/hal/platforms/AT91SAM3S/pmc.c"
  28              		.loc 1 62 0
  29              		.cfi_startproc
  30              		@ args = 0, pretend = 0, frame = 0
  31              		@ frame_needed = 0, uses_anonymous_args = 0
  32              	.LVL0:
  33              		.loc 1 63 0
  34 0000 2228     		cmp	r0, #34
  35              		.loc 1 62 0
  36 0002 08B5     		push	{r3, lr}
  37              		.cfi_def_cfa_offset 8
  38              		.cfi_offset 3, -8
  39              		.cfi_offset 14, -4
  40              		.loc 1 63 0
  41 0004 15D8     		bhi	.L7
  42              		.loc 1 65 0
  43 0006 1F28     		cmp	r0, #31
  44              		.loc 1 67 0
  45 0008 0D49     		ldr	r1, .L8
  46              		.loc 1 65 0
  47 000a 07D8     		bhi	.L3
  48              		.loc 1 67 0
  49 000c 0123     		movs	r3, #1
  50 000e 8A69     		ldr	r2, [r1, #24]
  51 0010 8340     		lsls	r3, r3, r0
  52 0012 1A40     		ands	r2, r2, r3
  53 0014 9342     		cmp	r3, r2
  54 0016 0BD0     		beq	.L1
  55              		.loc 1 73 0
  56 0018 0B61     		str	r3, [r1, #16]
  57 001a 08BD     		pop	{r3, pc}
ARM GAS  /tmp/ccfSE4ot.s 			page 2


  58              	.L3:
  59              	.LVL1:
  60              		.loc 1 79 0
  61 001c D1F80821 		ldr	r2, [r1, #264]
  62              		.loc 1 78 0
  63 0020 2038     		subs	r0, r0, #32
  64              	.LVL2:
  65              		.loc 1 79 0
  66 0022 0123     		movs	r3, #1
  67 0024 8340     		lsls	r3, r3, r0
  68 0026 1A40     		ands	r2, r2, r3
  69 0028 9342     		cmp	r3, r2
  70              		.loc 1 85 0
  71 002a 18BF     		it	ne
  72 002c C1F80031 		strne	r3, [r1, #256]
  73              	.L1:
  74 0030 08BD     		pop	{r3, pc}
  75              	.L7:
  76              		.loc 1 63 0 discriminator 1
  77 0032 0448     		ldr	r0, .L8+4
  78              	.LVL3:
  79 0034 3F21     		movs	r1, #63
  80 0036 044A     		ldr	r2, .L8+8
  81 0038 044B     		ldr	r3, .L8+12
  82 003a FFF7FEFF 		bl	__assert_func
  83              	.LVL4:
  84              	.L9:
  85 003e 00BF     		.align	2
  86              	.L8:
  87 0040 00040E40 		.word	1074660352
  88 0044 00000000 		.word	.LC0
  89 0048 00000000 		.word	.LANCHOR0
  90 004c 3C000000 		.word	.LC1
  91              		.cfi_endproc
  92              	.LFE0:
  93              		.size	PMC_EnablePeripheral, .-PMC_EnablePeripheral
  94              		.section	.text.PMC_DisablePeripheral,"ax",%progbits
  95              		.align	2
  96              		.p2align 4,,15
  97              		.global	PMC_DisablePeripheral
  98              		.thumb
  99              		.thumb_func
 100              		.type	PMC_DisablePeripheral, %function
 101              	PMC_DisablePeripheral:
 102              	.LFB1:
 103              		.loc 1 99 0
 104              		.cfi_startproc
 105              		@ args = 0, pretend = 0, frame = 0
 106              		@ frame_needed = 0, uses_anonymous_args = 0
 107              	.LVL5:
 108              		.loc 1 100 0
 109 0000 2228     		cmp	r0, #34
 110              		.loc 1 99 0
 111 0002 08B5     		push	{r3, lr}
 112              		.cfi_def_cfa_offset 8
 113              		.cfi_offset 3, -8
 114              		.cfi_offset 14, -4
ARM GAS  /tmp/ccfSE4ot.s 			page 3


 115              		.loc 1 100 0
 116 0004 15D8     		bhi	.L15
 117              		.loc 1 102 0
 118 0006 1F28     		cmp	r0, #31
 119              		.loc 1 104 0
 120 0008 0D49     		ldr	r1, .L17
 121              		.loc 1 102 0
 122 000a 0AD9     		bls	.L16
 123              	.LVL6:
 124              		.loc 1 116 0
 125 000c D1F80821 		ldr	r2, [r1, #264]
 126              		.loc 1 115 0
 127 0010 2038     		subs	r0, r0, #32
 128              	.LVL7:
 129              		.loc 1 116 0
 130 0012 0123     		movs	r3, #1
 131 0014 8340     		lsls	r3, r3, r0
 132 0016 1A40     		ands	r2, r2, r3
 133 0018 9342     		cmp	r3, r2
 134              		.loc 1 122 0
 135 001a 08BF     		it	eq
 136 001c C1F80431 		streq	r3, [r1, #260]
 137              	.L10:
 138 0020 08BD     		pop	{r3, pc}
 139              	.L16:
 140              		.loc 1 104 0
 141 0022 0123     		movs	r3, #1
 142 0024 8A69     		ldr	r2, [r1, #24]
 143 0026 8340     		lsls	r3, r3, r0
 144 0028 1A40     		ands	r2, r2, r3
 145 002a 9342     		cmp	r3, r2
 146 002c F8D1     		bne	.L10
 147              		.loc 1 110 0
 148 002e 4B61     		str	r3, [r1, #20]
 149 0030 08BD     		pop	{r3, pc}
 150              	.L15:
 151              		.loc 1 100 0 discriminator 1
 152 0032 0448     		ldr	r0, .L17+4
 153              	.LVL8:
 154 0034 6421     		movs	r1, #100
 155 0036 044A     		ldr	r2, .L17+8
 156 0038 044B     		ldr	r3, .L17+12
 157 003a FFF7FEFF 		bl	__assert_func
 158              	.LVL9:
 159              	.L18:
 160 003e 00BF     		.align	2
 161              	.L17:
 162 0040 00040E40 		.word	1074660352
 163 0044 00000000 		.word	.LC0
 164 0048 00000000 		.word	.LANCHOR1
 165 004c 3C000000 		.word	.LC1
 166              		.cfi_endproc
 167              	.LFE1:
 168              		.size	PMC_DisablePeripheral, .-PMC_DisablePeripheral
 169              		.section	.text.PMC_EnableAllPeripherals,"ax",%progbits
 170              		.align	2
 171              		.p2align 4,,15
ARM GAS  /tmp/ccfSE4ot.s 			page 4


 172              		.global	PMC_EnableAllPeripherals
 173              		.thumb
 174              		.thumb_func
 175              		.type	PMC_EnableAllPeripherals, %function
 176              	PMC_EnableAllPeripherals:
 177              	.LFB2:
 178              		.loc 1 131 0
 179              		.cfi_startproc
 180              		@ args = 0, pretend = 0, frame = 0
 181              		@ frame_needed = 0, uses_anonymous_args = 0
 182              		@ link register save eliminated.
 183              		.loc 1 132 0
 184 0000 0A4B     		ldr	r3, .L24
 185 0002 6FF00302 		mvn	r2, #3
 186              		.loc 1 133 0
 187 0006 1946     		mov	r1, r3
 188              		.loc 1 132 0
 189 0008 1A61     		str	r2, [r3, #16]
 190              	.L20:
 191              		.loc 1 133 0 discriminator 1
 192 000a 8B69     		ldr	r3, [r1, #24]
 193 000c 074A     		ldr	r2, .L24
 194 000e 23F00303 		bic	r3, r3, #3
 195 0012 0433     		adds	r3, r3, #4
 196 0014 F9D1     		bne	.L20
 197              		.loc 1 136 0
 198 0016 1146     		mov	r1, r2
 199              		.loc 1 135 0
 200 0018 4FF0FF33 		mov	r3, #-1
 201 001c C2F80031 		str	r3, [r2, #256]
 202              	.L21:
 203              		.loc 1 136 0 discriminator 1
 204 0020 D1F80831 		ldr	r3, [r1, #264]
 205 0024 0133     		adds	r3, r3, #1
 206 0026 FBD1     		bne	.L21
 207              		.loc 1 139 0
 208 0028 7047     		bx	lr
 209              	.L25:
 210 002a 00BF     		.align	2
 211              	.L24:
 212 002c 00040E40 		.word	1074660352
 213              		.cfi_endproc
 214              	.LFE2:
 215              		.size	PMC_EnableAllPeripherals, .-PMC_EnableAllPeripherals
 216              		.section	.text.PMC_DisableAllPeripherals,"ax",%progbits
 217              		.align	2
 218              		.p2align 4,,15
 219              		.global	PMC_DisableAllPeripherals
 220              		.thumb
 221              		.thumb_func
 222              		.type	PMC_DisableAllPeripherals, %function
 223              	PMC_DisableAllPeripherals:
 224              	.LFB3:
 225              		.loc 1 145 0
 226              		.cfi_startproc
 227              		@ args = 0, pretend = 0, frame = 0
 228              		@ frame_needed = 0, uses_anonymous_args = 0
ARM GAS  /tmp/ccfSE4ot.s 			page 5


 229              		@ link register save eliminated.
 230              		.loc 1 146 0
 231 0000 094B     		ldr	r3, .L31
 232 0002 6FF00302 		mvn	r2, #3
 233              		.loc 1 147 0
 234 0006 1946     		mov	r1, r3
 235              		.loc 1 146 0
 236 0008 5A61     		str	r2, [r3, #20]
 237              	.L27:
 238              		.loc 1 147 0 discriminator 1
 239 000a 8B69     		ldr	r3, [r1, #24]
 240 000c 064A     		ldr	r2, .L31
 241 000e 33F00303 		bics	r3, r3, #3
 242 0012 FAD1     		bne	.L27
 243              		.loc 1 150 0
 244 0014 1146     		mov	r1, r2
 245              		.loc 1 149 0
 246 0016 4FF0FF33 		mov	r3, #-1
 247 001a C2F80431 		str	r3, [r2, #260]
 248              	.L28:
 249              		.loc 1 150 0 discriminator 1
 250 001e D1F80831 		ldr	r3, [r1, #264]
 251 0022 002B     		cmp	r3, #0
 252 0024 FBD1     		bne	.L28
 253              		.loc 1 153 0
 254 0026 7047     		bx	lr
 255              	.L32:
 256              		.align	2
 257              	.L31:
 258 0028 00040E40 		.word	1074660352
 259              		.cfi_endproc
 260              	.LFE3:
 261              		.size	PMC_DisableAllPeripherals, .-PMC_DisableAllPeripherals
 262              		.section	.text.PMC_IsPeriphEnabled,"ax",%progbits
 263              		.align	2
 264              		.p2align 4,,15
 265              		.global	PMC_IsPeriphEnabled
 266              		.thumb
 267              		.thumb_func
 268              		.type	PMC_IsPeriphEnabled, %function
 269              	PMC_IsPeriphEnabled:
 270              	.LFB4:
 271              		.loc 1 161 0
 272              		.cfi_startproc
 273              		@ args = 0, pretend = 0, frame = 0
 274              		@ frame_needed = 0, uses_anonymous_args = 0
 275              	.LVL10:
 276              		.loc 1 162 0
 277 0000 2228     		cmp	r0, #34
 278              		.loc 1 161 0
 279 0002 08B5     		push	{r3, lr}
 280              		.cfi_def_cfa_offset 8
 281              		.cfi_offset 3, -8
 282              		.cfi_offset 14, -4
 283              		.loc 1 162 0
 284 0004 10D8     		bhi	.L38
 285              		.loc 1 164 0
ARM GAS  /tmp/ccfSE4ot.s 			page 6


 286 0006 1F28     		cmp	r0, #31
 287              		.loc 1 166 0
 288 0008 0A4B     		ldr	r3, .L40
 289              		.loc 1 164 0
 290 000a 07D9     		bls	.L39
 291              		.loc 1 169 0
 292 000c 0122     		movs	r2, #1
 293 000e D3F80831 		ldr	r3, [r3, #264]
 294 0012 2038     		subs	r0, r0, #32
 295              	.LVL11:
 296 0014 02FA00F0 		lsl	r0, r2, r0
 297              	.LVL12:
 298 0018 1840     		ands	r0, r0, r3
 299              		.loc 1 171 0
 300 001a 08BD     		pop	{r3, pc}
 301              	.LVL13:
 302              	.L39:
 303              		.loc 1 166 0
 304 001c 0122     		movs	r2, #1
 305 001e 9B69     		ldr	r3, [r3, #24]
 306 0020 02FA00F0 		lsl	r0, r2, r0
 307              	.LVL14:
 308 0024 1840     		ands	r0, r0, r3
 309 0026 08BD     		pop	{r3, pc}
 310              	.LVL15:
 311              	.L38:
 312              		.loc 1 162 0 discriminator 1
 313 0028 0348     		ldr	r0, .L40+4
 314              	.LVL16:
 315 002a A221     		movs	r1, #162
 316 002c 034A     		ldr	r2, .L40+8
 317 002e 044B     		ldr	r3, .L40+12
 318 0030 FFF7FEFF 		bl	__assert_func
 319              	.LVL17:
 320              	.L41:
 321              		.align	2
 322              	.L40:
 323 0034 00040E40 		.word	1074660352
 324 0038 00000000 		.word	.LC0
 325 003c 00000000 		.word	.LANCHOR2
 326 0040 3C000000 		.word	.LC1
 327              		.cfi_endproc
 328              	.LFE4:
 329              		.size	PMC_IsPeriphEnabled, .-PMC_IsPeriphEnabled
 330              		.section	.text.PmcMasterClockSelection,"ax",%progbits
 331              		.align	2
 332              		.p2align 4,,15
 333              		.global	PmcMasterClockSelection
 334              		.thumb
 335              		.thumb_func
 336              		.type	PmcMasterClockSelection, %function
 337              	PmcMasterClockSelection:
 338              	.LFB5:
 339              		.loc 1 175 0
 340              		.cfi_startproc
 341              		@ args = 0, pretend = 0, frame = 0
 342              		@ frame_needed = 0, uses_anonymous_args = 0
ARM GAS  /tmp/ccfSE4ot.s 			page 7


 343              		@ link register save eliminated.
 344              	.LVL18:
 345 0000 30B4     		push	{r4, r5}
 346              		.cfi_def_cfa_offset 8
 347              		.cfi_offset 4, -8
 348              		.cfi_offset 5, -4
 349              		.loc 1 178 0
 350 0002 0328     		cmp	r0, #3
 351 0004 20D8     		bhi	.L42
 352 0006 DFE800F0 		tbb	[pc, r0]
 353              	.L45:
 354 000a 02       		.byte	(.L44-.L45)/2
 355 000b 02       		.byte	(.L44-.L45)/2
 356 000c 21       		.byte	(.L46-.L45)/2
 357 000d 21       		.byte	(.L46-.L45)/2
 358              		.p2align 1
 359              	.L44:
 360              		.loc 1 183 0
 361 000e 1F4D     		ldr	r5, .L65
 362              		.loc 1 176 0
 363 0010 0023     		movs	r3, #0
 364              		.loc 1 183 0
 365 0012 2A6B     		ldr	r2, [r5, #48]
 366              		.loc 1 186 0
 367 0014 2C46     		mov	r4, r5
 368              		.loc 1 183 0
 369 0016 22F00302 		bic	r2, r2, #3
 370 001a 1043     		orrs	r0, r0, r2
 371              	.LVL19:
 372 001c 2863     		str	r0, [r5, #48]
 373              		.loc 1 186 0
 374 001e 01E0     		b	.L48
 375              	.LVL20:
 376              	.L61:
 377              		.loc 1 186 0 is_stmt 0 discriminator 1
 378 0020 0133     		adds	r3, r3, #1
 379              	.LVL21:
 380 0022 02D0     		beq	.L47
 381              	.LVL22:
 382              	.L48:
 383              		.loc 1 186 0 discriminator 2
 384 0024 A26E     		ldr	r2, [r4, #104]
 385 0026 1507     		lsls	r5, r2, #28
 386 0028 FAD5     		bpl	.L61
 387              	.LVL23:
 388              	.L47:
 389              		.loc 1 189 0 is_stmt 1
 390 002a 184C     		ldr	r4, .L65
 391 002c 226B     		ldr	r2, [r4, #48]
 392              		.loc 1 192 0
 393 002e 2046     		mov	r0, r4
 394              		.loc 1 189 0
 395 0030 22F07002 		bic	r2, r2, #112
 396 0034 1143     		orrs	r1, r1, r2
 397              	.LVL24:
 398 0036 2163     		str	r1, [r4, #48]
 399              		.loc 1 192 0
ARM GAS  /tmp/ccfSE4ot.s 			page 8


 400 0038 02E0     		b	.L50
 401              	.LVL25:
 402              	.L62:
 403              		.loc 1 192 0 is_stmt 0 discriminator 1
 404 003a 0133     		adds	r3, r3, #1
 405 003c 04D0     		beq	.L42
 406 003e 0B46     		mov	r3, r1
 407              	.LVL26:
 408              	.L50:
 409              		.loc 1 192 0 discriminator 2
 410 0040 826E     		ldr	r2, [r0, #104]
 411 0042 591C     		adds	r1, r3, #1
 412              	.LVL27:
 413 0044 1407     		lsls	r4, r2, #28
 414 0046 F8D5     		bpl	.L62
 415              	.LVL28:
 416              	.L42:
 417              		.loc 1 210 0 is_stmt 1
 418 0048 30BC     		pop	{r4, r5}
 419              		.cfi_remember_state
 420              		.cfi_restore 5
 421              		.cfi_restore 4
 422              		.cfi_def_cfa_offset 0
 423 004a 7047     		bx	lr
 424              	.LVL29:
 425              	.L46:
 426              		.cfi_restore_state
 427              		.loc 1 198 0
 428 004c 0F4D     		ldr	r5, .L65
 429              		.loc 1 176 0
 430 004e 0023     		movs	r3, #0
 431              		.loc 1 198 0
 432 0050 2A6B     		ldr	r2, [r5, #48]
 433              		.loc 1 201 0
 434 0052 2C46     		mov	r4, r5
 435              		.loc 1 198 0
 436 0054 22F07002 		bic	r2, r2, #112
 437 0058 1143     		orrs	r1, r1, r2
 438              	.LVL30:
 439 005a 2963     		str	r1, [r5, #48]
 440              		.loc 1 201 0
 441 005c 01E0     		b	.L53
 442              	.LVL31:
 443              	.L63:
 444              		.loc 1 201 0 is_stmt 0 discriminator 1
 445 005e 0133     		adds	r3, r3, #1
 446              	.LVL32:
 447 0060 02D0     		beq	.L52
 448              	.LVL33:
 449              	.L53:
 450              		.loc 1 201 0 discriminator 2
 451 0062 A26E     		ldr	r2, [r4, #104]
 452 0064 1107     		lsls	r1, r2, #28
 453 0066 FAD5     		bpl	.L63
 454              	.LVL34:
 455              	.L52:
 456              		.loc 1 204 0 is_stmt 1
ARM GAS  /tmp/ccfSE4ot.s 			page 9


 457 0068 0849     		ldr	r1, .L65
 458 006a 0A6B     		ldr	r2, [r1, #48]
 459              		.loc 1 207 0
 460 006c 0C46     		mov	r4, r1
 461              		.loc 1 204 0
 462 006e 22F00302 		bic	r2, r2, #3
 463 0072 1043     		orrs	r0, r0, r2
 464              	.LVL35:
 465 0074 0863     		str	r0, [r1, #48]
 466              		.loc 1 207 0
 467 0076 02E0     		b	.L54
 468              	.LVL36:
 469              	.L64:
 470              		.loc 1 207 0 is_stmt 0 discriminator 1
 471 0078 0133     		adds	r3, r3, #1
 472 007a E5D0     		beq	.L42
 473 007c 0B46     		mov	r3, r1
 474              	.LVL37:
 475              	.L54:
 476              		.loc 1 207 0 discriminator 2
 477 007e A26E     		ldr	r2, [r4, #104]
 478 0080 591C     		adds	r1, r3, #1
 479              	.LVL38:
 480 0082 1207     		lsls	r2, r2, #28
 481 0084 F8D5     		bpl	.L64
 482              		.loc 1 210 0 is_stmt 1
 483 0086 30BC     		pop	{r4, r5}
 484              		.cfi_restore 4
 485              		.cfi_restore 5
 486              		.cfi_def_cfa_offset 0
 487 0088 7047     		bx	lr
 488              	.L66:
 489 008a 00BF     		.align	2
 490              	.L65:
 491 008c 00040E40 		.word	1074660352
 492              		.cfi_endproc
 493              	.LFE5:
 494              		.size	PmcMasterClockSelection, .-PmcMasterClockSelection
 495              		.section	.text.ConfigurePck,"ax",%progbits
 496              		.align	2
 497              		.p2align 4,,15
 498              		.global	ConfigurePck
 499              		.thumb
 500              		.thumb_func
 501              		.type	ConfigurePck, %function
 502              	ConfigurePck:
 503              	.LFB6:
 504              		.loc 1 213 0
 505              		.cfi_startproc
 506              		@ args = 0, pretend = 0, frame = 0
 507              		@ frame_needed = 0, uses_anonymous_args = 0
 508              		@ link register save eliminated.
 509              	.LVL39:
 510              		.loc 1 215 0
 511 0000 084B     		ldr	r3, .L72
 512              		.loc 1 213 0
 513 0002 30B4     		push	{r4, r5}
ARM GAS  /tmp/ccfSE4ot.s 			page 10


 514              		.cfi_def_cfa_offset 8
 515              		.cfi_offset 4, -8
 516              		.cfi_offset 5, -4
 517              		.loc 1 223 0
 518 0004 1A46     		mov	r2, r3
 519              		.loc 1 215 0
 520 0006 084D     		ldr	r5, .L72+4
 521              		.loc 1 217 0
 522 0008 4FF48064 		mov	r4, #1024
 523              		.loc 1 219 0
 524 000c 0143     		orrs	r1, r1, r0
 525              	.LVL40:
 526              		.loc 1 215 0
 527 000e C3F8E450 		str	r5, [r3, #228]
 528              		.loc 1 217 0
 529 0012 5C60     		str	r4, [r3, #4]
 530              		.loc 1 219 0
 531 0014 9964     		str	r1, [r3, #72]
 532              		.loc 1 221 0
 533 0016 1C60     		str	r4, [r3]
 534              	.L68:
 535              		.loc 1 223 0 discriminator 1
 536 0018 936E     		ldr	r3, [r2, #104]
 537 001a 5B05     		lsls	r3, r3, #21
 538 001c FCD5     		bpl	.L68
 539              		.loc 1 224 0
 540 001e 30BC     		pop	{r4, r5}
 541              		.cfi_restore 5
 542              		.cfi_restore 4
 543              		.cfi_def_cfa_offset 0
 544 0020 7047     		bx	lr
 545              	.L73:
 546 0022 00BF     		.align	2
 547              	.L72:
 548 0024 00040E40 		.word	1074660352
 549 0028 00434D50 		.word	1347240704
 550              		.cfi_endproc
 551              	.LFE6:
 552              		.size	ConfigurePck, .-ConfigurePck
 553              		.section	.text.PmcMainClockSwitchMainOsc,"ax",%progbits
 554              		.align	2
 555              		.p2align 4,,15
 556              		.global	PmcMainClockSwitchMainOsc
 557              		.thumb
 558              		.thumb_func
 559              		.type	PmcMainClockSwitchMainOsc, %function
 560              	PmcMainClockSwitchMainOsc:
 561              	.LFB7:
 562              		.loc 1 228 0
 563              		.cfi_startproc
 564              		@ args = 0, pretend = 0, frame = 0
 565              		@ frame_needed = 0, uses_anonymous_args = 0
 566              		@ link register save eliminated.
 567              		.loc 1 232 0
 568 0000 054B     		ldr	r3, .L79
 569 0002 064A     		ldr	r2, .L79+4
 570              		.loc 1 235 0
ARM GAS  /tmp/ccfSE4ot.s 			page 11


 571 0004 1946     		mov	r1, r3
 572              		.loc 1 232 0
 573 0006 1A62     		str	r2, [r3, #32]
 574              	.LVL41:
 575              		.loc 1 235 0
 576 0008 0023     		movs	r3, #0
 577 000a 01E0     		b	.L76
 578              	.LVL42:
 579              	.L78:
 580              		.loc 1 235 0 is_stmt 0 discriminator 2
 581 000c 013B     		subs	r3, r3, #1
 582              	.LVL43:
 583 000e 02D0     		beq	.L74
 584              	.LVL44:
 585              	.L76:
 586              		.loc 1 235 0 discriminator 3
 587 0010 8A6E     		ldr	r2, [r1, #104]
 588 0012 D203     		lsls	r2, r2, #15
 589 0014 FAD5     		bpl	.L78
 590              	.LVL45:
 591              	.L74:
 592 0016 7047     		bx	lr
 593              	.L80:
 594              		.align	2
 595              	.L79:
 596 0018 00040E40 		.word	1074660352
 597 001c 09083701 		.word	20383753
 598              		.cfi_endproc
 599              	.LFE7:
 600              		.size	PmcMainClockSwitchMainOsc, .-PmcMainClockSwitchMainOsc
 601              		.section	.text.PmcConfigurePllClock,"ax",%progbits
 602              		.align	2
 603              		.p2align 4,,15
 604              		.global	PmcConfigurePllClock
 605              		.thumb
 606              		.thumb_func
 607              		.type	PmcConfigurePllClock, %function
 608              	PmcConfigurePllClock:
 609              	.LFB8:
 610              		.loc 1 240 0 is_stmt 1
 611              		.cfi_startproc
 612              		@ args = 0, pretend = 0, frame = 0
 613              		@ frame_needed = 0, uses_anonymous_args = 0
 614              		@ link register save eliminated.
 615              		.loc 1 243 0
 616 0000 A0B9     		cbnz	r0, .L82
 617              		.loc 1 240 0
 618 0002 10B4     		push	{r4}
 619              		.cfi_def_cfa_offset 4
 620              		.cfi_offset 4, -4
 621              		.loc 1 246 0
 622 0004 144C     		ldr	r4, .L96
 623 0006 42F00053 		orr	r3, r2, #536870912
 624 000a 0A04     		lsls	r2, r1, #16
 625 000c 1440     		ands	r4, r4, r2
 626 000e 43F4F853 		orr	r3, r3, #7936
 627 0012 124A     		ldr	r2, .L96+4
ARM GAS  /tmp/ccfSE4ot.s 			page 12


 628 0014 2343     		orrs	r3, r3, r4
 629 0016 9362     		str	r3, [r2, #40]
 630              		.loc 1 249 0
 631 0018 21B9     		cbnz	r1, .L83
 632              	.L81:
 633              		.loc 1 268 0
 634 001a 5DF8044B 		ldr	r4, [sp], #4
 635              		.cfi_restore 4
 636              		.cfi_def_cfa_offset 0
 637              	.L94:
 638 001e 7047     		bx	lr
 639              	.L95:
 640              		.cfi_def_cfa_offset 4
 641              		.cfi_offset 4, -4
 642              		.loc 1 252 0 discriminator 1
 643 0020 0138     		subs	r0, r0, #1
 644 0022 FAD0     		beq	.L81
 645              	.L83:
 646              		.loc 1 252 0 is_stmt 0 discriminator 2
 647 0024 936E     		ldr	r3, [r2, #104]
 648 0026 9907     		lsls	r1, r3, #30
 649 0028 F7D4     		bmi	.L81
 650 002a F9E7     		b	.L95
 651              	.L82:
 652              		.cfi_def_cfa_offset 0
 653              		.cfi_restore 4
 654              		.loc 1 256 0 is_stmt 1
 655 002c 0128     		cmp	r0, #1
 656 002e F6D1     		bne	.L94
 657              		.loc 1 259 0
 658 0030 094B     		ldr	r3, .L96
 659 0032 0804     		lsls	r0, r1, #16
 660 0034 42F00052 		orr	r2, r2, #536870912
 661 0038 0340     		ands	r3, r3, r0
 662 003a 42F4F852 		orr	r2, r2, #7936
 663 003e 0748     		ldr	r0, .L96+4
 664 0040 1A43     		orrs	r2, r2, r3
 665 0042 C262     		str	r2, [r0, #44]
 666              		.loc 1 262 0
 667 0044 0029     		cmp	r1, #0
 668 0046 EAD0     		beq	.L94
 669              		.loc 1 265 0
 670 0048 0146     		mov	r1, r0
 671 004a 0023     		movs	r3, #0
 672              	.L85:
 673              		.loc 1 265 0 is_stmt 0 discriminator 2
 674 004c 8A6E     		ldr	r2, [r1, #104]
 675 004e 5207     		lsls	r2, r2, #29
 676 0050 E5D4     		bmi	.L94
 677              		.loc 1 265 0 discriminator 1
 678 0052 013B     		subs	r3, r3, #1
 679 0054 FAD1     		bne	.L85
 680 0056 7047     		bx	lr
 681              	.L97:
 682              		.align	2
 683              	.L96:
 684 0058 0000FF07 		.word	134152192
ARM GAS  /tmp/ccfSE4ot.s 			page 13


 685 005c 00040E40 		.word	1074660352
 686              		.cfi_endproc
 687              	.LFE8:
 688              		.size	PmcConfigurePllClock, .-PmcConfigurePllClock
 689              		.section	.rodata.__func__.4818,"a",%progbits
 690              		.align	2
 691              		.set	.LANCHOR2,. + 0
 692              		.type	__func__.4818, %object
 693              		.size	__func__.4818, 20
 694              	__func__.4818:
 695 0000 504D435F 		.ascii	"PMC_IsPeriphEnabled\000"
 695      49735065 
 695      72697068 
 695      456E6162 
 695      6C656400 
 696              		.section	.rodata.__func__.4792,"a",%progbits
 697              		.align	2
 698              		.set	.LANCHOR0,. + 0
 699              		.type	__func__.4792, %object
 700              		.size	__func__.4792, 21
 701              	__func__.4792:
 702 0000 504D435F 		.ascii	"PMC_EnablePeripheral\000"
 702      456E6162 
 702      6C655065 
 702      72697068 
 702      6572616C 
 703              		.section	.rodata.__func__.4796,"a",%progbits
 704              		.align	2
 705              		.set	.LANCHOR1,. + 0
 706              		.type	__func__.4796, %object
 707              		.size	__func__.4796, 22
 708              	__func__.4796:
 709 0000 504D435F 		.ascii	"PMC_DisablePeripheral\000"
 709      44697361 
 709      626C6550 
 709      65726970 
 709      68657261 
 710              		.section	.rodata.str1.4,"aMS",%progbits,1
 711              		.align	2
 712              	.LC0:
 713 0000 2E2E2F2E 		.ascii	"../../../../ext/ChibiOS//os/hal/platforms/AT91SAM3S"
 713      2E2F2E2E 
 713      2F2E2E2F 
 713      6578742F 
 713      43686962 
 714 0033 2F706D63 		.ascii	"/pmc.c\000"
 714      2E6300
 715 003a 0000     		.space	2
 716              	.LC1:
 717 003c 64774964 		.ascii	"dwId < 35\000"
 717      203C2033 
 717      3500
 718              		.text
 719              	.Letext0:
 720              		.file 2 "/home/nixtropy/opt/gcc-arm-none-eabi-4_9-2015q3/arm-none-eabi/include/machine/_default_ty
 721              		.file 3 "/home/nixtropy/opt/gcc-arm-none-eabi-4_9-2015q3/arm-none-eabi/include/sys/_stdint.h"
 722              		.file 4 "../../../../ext/ChibiOS//os/hal/platforms/AT91SAM3S/at91lib/SAM3S.h"
ARM GAS  /tmp/ccfSE4ot.s 			page 14


 723              		.file 5 "/home/nixtropy/opt/gcc-arm-none-eabi-4_9-2015q3/arm-none-eabi/include/assert.h"
 724              		.section	.debug_info,"",%progbits
 725              	.Ldebug_info0:
 726 0000 A4050000 		.4byte	0x5a4
 727 0004 0400     		.2byte	0x4
 728 0006 00000000 		.4byte	.Ldebug_abbrev0
 729 000a 04       		.byte	0x4
 730 000b 01       		.uleb128 0x1
 731 000c 7A010000 		.4byte	.LASF68
 732 0010 01       		.byte	0x1
 733 0011 44030000 		.4byte	.LASF69
 734 0015 E3030000 		.4byte	.LASF70
 735 0019 00000000 		.4byte	.Ldebug_ranges0+0
 736 001d 00000000 		.4byte	0
 737 0021 00000000 		.4byte	.Ldebug_line0
 738 0025 02       		.uleb128 0x2
 739 0026 01       		.byte	0x1
 740 0027 06       		.byte	0x6
 741 0028 9F020000 		.4byte	.LASF0
 742 002c 03       		.uleb128 0x3
 743 002d 58010000 		.4byte	.LASF5
 744 0031 02       		.byte	0x2
 745 0032 1D       		.byte	0x1d
 746 0033 37000000 		.4byte	0x37
 747 0037 02       		.uleb128 0x2
 748 0038 01       		.byte	0x1
 749 0039 08       		.byte	0x8
 750 003a 6D020000 		.4byte	.LASF1
 751 003e 02       		.uleb128 0x2
 752 003f 02       		.byte	0x2
 753 0040 05       		.byte	0x5
 754 0041 31000000 		.4byte	.LASF2
 755 0045 02       		.uleb128 0x2
 756 0046 02       		.byte	0x2
 757 0047 07       		.byte	0x7
 758 0048 0C030000 		.4byte	.LASF3
 759 004c 02       		.uleb128 0x2
 760 004d 04       		.byte	0x4
 761 004e 05       		.byte	0x5
 762 004f 4F010000 		.4byte	.LASF4
 763 0053 03       		.uleb128 0x3
 764 0054 69000000 		.4byte	.LASF6
 765 0058 02       		.byte	0x2
 766 0059 41       		.byte	0x41
 767 005a 5E000000 		.4byte	0x5e
 768 005e 02       		.uleb128 0x2
 769 005f 04       		.byte	0x4
 770 0060 07       		.byte	0x7
 771 0061 B2030000 		.4byte	.LASF7
 772 0065 02       		.uleb128 0x2
 773 0066 08       		.byte	0x8
 774 0067 05       		.byte	0x5
 775 0068 24010000 		.4byte	.LASF8
 776 006c 02       		.uleb128 0x2
 777 006d 08       		.byte	0x8
 778 006e 07       		.byte	0x7
 779 006f AB020000 		.4byte	.LASF9
ARM GAS  /tmp/ccfSE4ot.s 			page 15


 780 0073 04       		.uleb128 0x4
 781 0074 04       		.byte	0x4
 782 0075 05       		.byte	0x5
 783 0076 696E7400 		.ascii	"int\000"
 784 007a 02       		.uleb128 0x2
 785 007b 04       		.byte	0x4
 786 007c 07       		.byte	0x7
 787 007d CB020000 		.4byte	.LASF10
 788 0081 03       		.uleb128 0x3
 789 0082 AB000000 		.4byte	.LASF11
 790 0086 03       		.byte	0x3
 791 0087 14       		.byte	0x14
 792 0088 2C000000 		.4byte	0x2c
 793 008c 03       		.uleb128 0x3
 794 008d C2020000 		.4byte	.LASF12
 795 0091 03       		.byte	0x3
 796 0092 20       		.byte	0x20
 797 0093 53000000 		.4byte	0x53
 798 0097 03       		.uleb128 0x3
 799 0098 67020000 		.4byte	.LASF13
 800 009c 04       		.byte	0x4
 801 009d 35       		.byte	0x35
 802 009e A2000000 		.4byte	0xa2
 803 00a2 05       		.uleb128 0x5
 804 00a3 A7000000 		.4byte	0xa7
 805 00a7 06       		.uleb128 0x6
 806 00a8 8C000000 		.4byte	0x8c
 807 00ac 03       		.uleb128 0x3
 808 00ad 88000000 		.4byte	.LASF14
 809 00b1 04       		.byte	0x4
 810 00b2 39       		.byte	0x39
 811 00b3 B7000000 		.4byte	0xb7
 812 00b7 06       		.uleb128 0x6
 813 00b8 8C000000 		.4byte	0x8c
 814 00bc 03       		.uleb128 0x3
 815 00bd 99020000 		.4byte	.LASF15
 816 00c1 04       		.byte	0x4
 817 00c2 3A       		.byte	0x3a
 818 00c3 B7000000 		.4byte	0xb7
 819 00c7 02       		.uleb128 0x2
 820 00c8 04       		.byte	0x4
 821 00c9 07       		.byte	0x7
 822 00ca 3B000000 		.4byte	.LASF16
 823 00ce 07       		.uleb128 0x7
 824 00cf BC000000 		.4byte	0xbc
 825 00d3 DE000000 		.4byte	0xde
 826 00d7 08       		.uleb128 0x8
 827 00d8 C7000000 		.4byte	0xc7
 828 00dc 00       		.byte	0
 829 00dd 00       		.byte	0
 830 00de 07       		.uleb128 0x7
 831 00df BC000000 		.4byte	0xbc
 832 00e3 EE000000 		.4byte	0xee
 833 00e7 08       		.uleb128 0x8
 834 00e8 C7000000 		.4byte	0xc7
 835 00ec 04       		.byte	0x4
 836 00ed 00       		.byte	0
ARM GAS  /tmp/ccfSE4ot.s 			page 16


 837 00ee 09       		.uleb128 0x9
 838 00ef 1401     		.2byte	0x114
 839 00f1 04       		.byte	0x4
 840 00f2 3F0D     		.2byte	0xd3f
 841 00f4 B8020000 		.4byte	0x2b8
 842 00f8 0A       		.uleb128 0xa
 843 00f9 89030000 		.4byte	.LASF17
 844 00fd 04       		.byte	0x4
 845 00fe 400D     		.2byte	0xd40
 846 0100 AC000000 		.4byte	0xac
 847 0104 00       		.byte	0
 848 0105 0A       		.uleb128 0xa
 849 0106 88040000 		.4byte	.LASF18
 850 010a 04       		.byte	0x4
 851 010b 410D     		.2byte	0xd41
 852 010d AC000000 		.4byte	0xac
 853 0111 04       		.byte	0x4
 854 0112 0A       		.uleb128 0xa
 855 0113 1A000000 		.4byte	.LASF19
 856 0117 04       		.byte	0x4
 857 0118 420D     		.2byte	0xd42
 858 011a 97000000 		.4byte	0x97
 859 011e 08       		.byte	0x8
 860 011f 0A       		.uleb128 0xa
 861 0120 97000000 		.4byte	.LASF20
 862 0124 04       		.byte	0x4
 863 0125 430D     		.2byte	0xd43
 864 0127 B8020000 		.4byte	0x2b8
 865 012b 0C       		.byte	0xc
 866 012c 0A       		.uleb128 0xa
 867 012d 74000000 		.4byte	.LASF21
 868 0131 04       		.byte	0x4
 869 0132 440D     		.2byte	0xd44
 870 0134 AC000000 		.4byte	0xac
 871 0138 10       		.byte	0x10
 872 0139 0A       		.uleb128 0xa
 873 013a 08010000 		.4byte	.LASF22
 874 013e 04       		.byte	0x4
 875 013f 450D     		.2byte	0xd45
 876 0141 AC000000 		.4byte	0xac
 877 0145 14       		.byte	0x14
 878 0146 0A       		.uleb128 0xa
 879 0147 D8020000 		.4byte	.LASF23
 880 014b 04       		.byte	0x4
 881 014c 460D     		.2byte	0xd46
 882 014e 97000000 		.4byte	0x97
 883 0152 18       		.byte	0x18
 884 0153 0A       		.uleb128 0xa
 885 0154 A1000000 		.4byte	.LASF24
 886 0158 04       		.byte	0x4
 887 0159 470D     		.2byte	0xd47
 888 015b BD020000 		.4byte	0x2bd
 889 015f 1C       		.byte	0x1c
 890 0160 0A       		.uleb128 0xa
 891 0161 E5000000 		.4byte	.LASF25
 892 0165 04       		.byte	0x4
 893 0166 480D     		.2byte	0xd48
ARM GAS  /tmp/ccfSE4ot.s 			page 17


 894 0168 BC000000 		.4byte	0xbc
 895 016c 20       		.byte	0x20
 896 016d 0A       		.uleb128 0xa
 897 016e 41040000 		.4byte	.LASF26
 898 0172 04       		.byte	0x4
 899 0173 490D     		.2byte	0xd49
 900 0175 97000000 		.4byte	0x97
 901 0179 24       		.byte	0x24
 902 017a 0A       		.uleb128 0xa
 903 017b 7E030000 		.4byte	.LASF27
 904 017f 04       		.byte	0x4
 905 0180 4A0D     		.2byte	0xd4a
 906 0182 BC000000 		.4byte	0xbc
 907 0186 28       		.byte	0x28
 908 0187 0A       		.uleb128 0xa
 909 0188 91040000 		.4byte	.LASF28
 910 018c 04       		.byte	0x4
 911 018d 4B0D     		.2byte	0xd4b
 912 018f BC000000 		.4byte	0xbc
 913 0193 2C       		.byte	0x2c
 914 0194 0A       		.uleb128 0xa
 915 0195 32010000 		.4byte	.LASF29
 916 0199 04       		.byte	0x4
 917 019a 4C0D     		.2byte	0xd4c
 918 019c BC000000 		.4byte	0xbc
 919 01a0 30       		.byte	0x30
 920 01a1 0A       		.uleb128 0xa
 921 01a2 C4030000 		.4byte	.LASF30
 922 01a6 04       		.byte	0x4
 923 01a7 4D0D     		.2byte	0xd4d
 924 01a9 C2020000 		.4byte	0x2c2
 925 01ad 34       		.byte	0x34
 926 01ae 0A       		.uleb128 0xa
 927 01af FB020000 		.4byte	.LASF31
 928 01b3 04       		.byte	0x4
 929 01b4 4E0D     		.2byte	0xd4e
 930 01b6 BC000000 		.4byte	0xbc
 931 01ba 38       		.byte	0x38
 932 01bb 0A       		.uleb128 0xa
 933 01bc B3000000 		.4byte	.LASF32
 934 01c0 04       		.byte	0x4
 935 01c1 4F0D     		.2byte	0xd4f
 936 01c3 C7020000 		.4byte	0x2c7
 937 01c7 3C       		.byte	0x3c
 938 01c8 0A       		.uleb128 0xa
 939 01c9 80040000 		.4byte	.LASF33
 940 01cd 04       		.byte	0x4
 941 01ce 500D     		.2byte	0xd50
 942 01d0 DC020000 		.4byte	0x2dc
 943 01d4 40       		.byte	0x40
 944 01d5 0A       		.uleb128 0xa
 945 01d6 BD000000 		.4byte	.LASF34
 946 01da 04       		.byte	0x4
 947 01db 510D     		.2byte	0xd51
 948 01dd E1020000 		.4byte	0x2e1
 949 01e1 4C       		.byte	0x4c
 950 01e2 0A       		.uleb128 0xa
ARM GAS  /tmp/ccfSE4ot.s 			page 18


 951 01e3 1C010000 		.4byte	.LASF35
 952 01e7 04       		.byte	0x4
 953 01e8 520D     		.2byte	0xd52
 954 01ea AC000000 		.4byte	0xac
 955 01ee 60       		.byte	0x60
 956 01ef 0A       		.uleb128 0xa
 957 01f0 12000000 		.4byte	.LASF36
 958 01f4 04       		.byte	0x4
 959 01f5 530D     		.2byte	0xd53
 960 01f7 AC000000 		.4byte	0xac
 961 01fb 64       		.byte	0x64
 962 01fc 0A       		.uleb128 0xa
 963 01fd 1F030000 		.4byte	.LASF37
 964 0201 04       		.byte	0x4
 965 0202 540D     		.2byte	0xd54
 966 0204 97000000 		.4byte	0x97
 967 0208 68       		.byte	0x68
 968 0209 0A       		.uleb128 0xa
 969 020a 5F020000 		.4byte	.LASF38
 970 020e 04       		.byte	0x4
 971 020f 550D     		.2byte	0xd55
 972 0211 97000000 		.4byte	0x97
 973 0215 6C       		.byte	0x6c
 974 0216 0A       		.uleb128 0xa
 975 0217 8E000000 		.4byte	.LASF39
 976 021b 04       		.byte	0x4
 977 021c 560D     		.2byte	0xd56
 978 021e BC000000 		.4byte	0xbc
 979 0222 70       		.byte	0x70
 980 0223 0A       		.uleb128 0xa
 981 0224 09000000 		.4byte	.LASF40
 982 0228 04       		.byte	0x4
 983 0229 570D     		.2byte	0xd57
 984 022b BC000000 		.4byte	0xbc
 985 022f 74       		.byte	0x74
 986 0230 0A       		.uleb128 0xa
 987 0231 00000000 		.4byte	.LASF41
 988 0235 04       		.byte	0x4
 989 0236 580D     		.2byte	0xd58
 990 0238 AC000000 		.4byte	0xac
 991 023c 78       		.byte	0x78
 992 023d 0A       		.uleb128 0xa
 993 023e C7000000 		.4byte	.LASF42
 994 0242 04       		.byte	0x4
 995 0243 590D     		.2byte	0xd59
 996 0245 F6020000 		.4byte	0x2f6
 997 0249 7C       		.byte	0x7c
 998 024a 0A       		.uleb128 0xa
 999 024b 7B020000 		.4byte	.LASF43
 1000 024f 04       		.byte	0x4
 1001 0250 5A0D     		.2byte	0xd5a
 1002 0252 BC000000 		.4byte	0xbc
 1003 0256 E4       		.byte	0xe4
 1004 0257 0A       		.uleb128 0xa
 1005 0258 F2020000 		.4byte	.LASF44
 1006 025c 04       		.byte	0x4
 1007 025d 5B0D     		.2byte	0xd5b
ARM GAS  /tmp/ccfSE4ot.s 			page 19


 1008 025f 97000000 		.4byte	0x97
 1009 0263 E8       		.byte	0xe8
 1010 0264 0A       		.uleb128 0xa
 1011 0265 D1000000 		.4byte	.LASF45
 1012 0269 04       		.byte	0x4
 1013 026a 5C0D     		.2byte	0xd5c
 1014 026c FB020000 		.4byte	0x2fb
 1015 0270 EC       		.byte	0xec
 1016 0271 0B       		.uleb128 0xb
 1017 0272 7E000000 		.4byte	.LASF46
 1018 0276 04       		.byte	0x4
 1019 0277 5D0D     		.2byte	0xd5d
 1020 0279 AC000000 		.4byte	0xac
 1021 027d 0001     		.2byte	0x100
 1022 027f 0B       		.uleb128 0xb
 1023 0280 12010000 		.4byte	.LASF47
 1024 0284 04       		.byte	0x4
 1025 0285 5E0D     		.2byte	0xd5e
 1026 0287 AC000000 		.4byte	0xac
 1027 028b 0401     		.2byte	0x104
 1028 028d 0B       		.uleb128 0xb
 1029 028e E2020000 		.4byte	.LASF48
 1030 0292 04       		.byte	0x4
 1031 0293 5F0D     		.2byte	0xd5f
 1032 0295 97000000 		.4byte	0x97
 1033 0299 0801     		.2byte	0x108
 1034 029b 0B       		.uleb128 0xb
 1035 029c DB000000 		.4byte	.LASF49
 1036 02a0 04       		.byte	0x4
 1037 02a1 600D     		.2byte	0xd60
 1038 02a3 00030000 		.4byte	0x300
 1039 02a7 0C01     		.2byte	0x10c
 1040 02a9 0B       		.uleb128 0xb
 1041 02aa 23000000 		.4byte	.LASF50
 1042 02ae 04       		.byte	0x4
 1043 02af 610D     		.2byte	0xd61
 1044 02b1 BC000000 		.4byte	0xbc
 1045 02b5 1001     		.2byte	0x110
 1046 02b7 00       		.byte	0
 1047 02b8 06       		.uleb128 0x6
 1048 02b9 CE000000 		.4byte	0xce
 1049 02bd 06       		.uleb128 0x6
 1050 02be CE000000 		.4byte	0xce
 1051 02c2 06       		.uleb128 0x6
 1052 02c3 CE000000 		.4byte	0xce
 1053 02c7 06       		.uleb128 0x6
 1054 02c8 CE000000 		.4byte	0xce
 1055 02cc 07       		.uleb128 0x7
 1056 02cd BC000000 		.4byte	0xbc
 1057 02d1 DC020000 		.4byte	0x2dc
 1058 02d5 08       		.uleb128 0x8
 1059 02d6 C7000000 		.4byte	0xc7
 1060 02da 02       		.byte	0x2
 1061 02db 00       		.byte	0
 1062 02dc 06       		.uleb128 0x6
 1063 02dd CC020000 		.4byte	0x2cc
 1064 02e1 06       		.uleb128 0x6
ARM GAS  /tmp/ccfSE4ot.s 			page 20


 1065 02e2 DE000000 		.4byte	0xde
 1066 02e6 07       		.uleb128 0x7
 1067 02e7 BC000000 		.4byte	0xbc
 1068 02eb F6020000 		.4byte	0x2f6
 1069 02ef 08       		.uleb128 0x8
 1070 02f0 C7000000 		.4byte	0xc7
 1071 02f4 19       		.byte	0x19
 1072 02f5 00       		.byte	0
 1073 02f6 06       		.uleb128 0x6
 1074 02f7 E6020000 		.4byte	0x2e6
 1075 02fb 06       		.uleb128 0x6
 1076 02fc DE000000 		.4byte	0xde
 1077 0300 06       		.uleb128 0x6
 1078 0301 CE000000 		.4byte	0xce
 1079 0305 0C       		.uleb128 0xc
 1080 0306 506D6300 		.ascii	"Pmc\000"
 1081 030a 04       		.byte	0x4
 1082 030b 620D     		.2byte	0xd62
 1083 030d EE000000 		.4byte	0xee
 1084 0311 0D       		.uleb128 0xd
 1085 0312 CE030000 		.4byte	.LASF52
 1086 0316 01       		.byte	0x1
 1087 0317 3D       		.byte	0x3d
 1088 0318 00000000 		.4byte	.LFB0
 1089 031c 50000000 		.4byte	.LFE0-.LFB0
 1090 0320 01       		.uleb128 0x1
 1091 0321 9C       		.byte	0x9c
 1092 0322 70030000 		.4byte	0x370
 1093 0326 0E       		.uleb128 0xe
 1094 0327 3F030000 		.4byte	.LASF54
 1095 032b 01       		.byte	0x1
 1096 032c 3D       		.byte	0x3d
 1097 032d 8C000000 		.4byte	0x8c
 1098 0331 00000000 		.4byte	.LLST0
 1099 0335 0F       		.uleb128 0xf
 1100 0336 03030000 		.4byte	.LASF55
 1101 033a 87030000 		.4byte	0x387
 1102 033e 05       		.uleb128 0x5
 1103 033f 03       		.byte	0x3
 1104 0340 00000000 		.4byte	__func__.4792
 1105 0344 10       		.uleb128 0x10
 1106 0345 3E000000 		.4byte	.LVL4
 1107 0349 7C050000 		.4byte	0x57c
 1108 034d 11       		.uleb128 0x11
 1109 034e 01       		.uleb128 0x1
 1110 034f 53       		.byte	0x53
 1111 0350 05       		.uleb128 0x5
 1112 0351 03       		.byte	0x3
 1113 0352 3C000000 		.4byte	.LC1
 1114 0356 11       		.uleb128 0x11
 1115 0357 01       		.uleb128 0x1
 1116 0358 52       		.byte	0x52
 1117 0359 05       		.uleb128 0x5
 1118 035a 03       		.byte	0x3
 1119 035b 00000000 		.4byte	.LANCHOR0
 1120 035f 11       		.uleb128 0x11
 1121 0360 01       		.uleb128 0x1
ARM GAS  /tmp/ccfSE4ot.s 			page 21


 1122 0361 51       		.byte	0x51
 1123 0362 02       		.uleb128 0x2
 1124 0363 08       		.byte	0x8
 1125 0364 3F       		.byte	0x3f
 1126 0365 11       		.uleb128 0x11
 1127 0366 01       		.uleb128 0x1
 1128 0367 50       		.byte	0x50
 1129 0368 05       		.uleb128 0x5
 1130 0369 03       		.byte	0x3
 1131 036a 00000000 		.4byte	.LC0
 1132 036e 00       		.byte	0
 1133 036f 00       		.byte	0
 1134 0370 07       		.uleb128 0x7
 1135 0371 80030000 		.4byte	0x380
 1136 0375 80030000 		.4byte	0x380
 1137 0379 08       		.uleb128 0x8
 1138 037a C7000000 		.4byte	0xc7
 1139 037e 14       		.byte	0x14
 1140 037f 00       		.byte	0
 1141 0380 02       		.uleb128 0x2
 1142 0381 01       		.byte	0x1
 1143 0382 08       		.byte	0x8
 1144 0383 26030000 		.4byte	.LASF51
 1145 0387 05       		.uleb128 0x5
 1146 0388 70030000 		.4byte	0x370
 1147 038c 0D       		.uleb128 0xd
 1148 038d 92030000 		.4byte	.LASF53
 1149 0391 01       		.byte	0x1
 1150 0392 62       		.byte	0x62
 1151 0393 00000000 		.4byte	.LFB1
 1152 0397 50000000 		.4byte	.LFE1-.LFB1
 1153 039b 01       		.uleb128 0x1
 1154 039c 9C       		.byte	0x9c
 1155 039d EB030000 		.4byte	0x3eb
 1156 03a1 0E       		.uleb128 0xe
 1157 03a2 3F030000 		.4byte	.LASF54
 1158 03a6 01       		.byte	0x1
 1159 03a7 62       		.byte	0x62
 1160 03a8 8C000000 		.4byte	0x8c
 1161 03ac 39000000 		.4byte	.LLST1
 1162 03b0 0F       		.uleb128 0xf
 1163 03b1 03030000 		.4byte	.LASF55
 1164 03b5 FB030000 		.4byte	0x3fb
 1165 03b9 05       		.uleb128 0x5
 1166 03ba 03       		.byte	0x3
 1167 03bb 00000000 		.4byte	__func__.4796
 1168 03bf 10       		.uleb128 0x10
 1169 03c0 3E000000 		.4byte	.LVL9
 1170 03c4 7C050000 		.4byte	0x57c
 1171 03c8 11       		.uleb128 0x11
 1172 03c9 01       		.uleb128 0x1
 1173 03ca 53       		.byte	0x53
 1174 03cb 05       		.uleb128 0x5
 1175 03cc 03       		.byte	0x3
 1176 03cd 3C000000 		.4byte	.LC1
 1177 03d1 11       		.uleb128 0x11
 1178 03d2 01       		.uleb128 0x1
ARM GAS  /tmp/ccfSE4ot.s 			page 22


 1179 03d3 52       		.byte	0x52
 1180 03d4 05       		.uleb128 0x5
 1181 03d5 03       		.byte	0x3
 1182 03d6 00000000 		.4byte	.LANCHOR1
 1183 03da 11       		.uleb128 0x11
 1184 03db 01       		.uleb128 0x1
 1185 03dc 51       		.byte	0x51
 1186 03dd 02       		.uleb128 0x2
 1187 03de 08       		.byte	0x8
 1188 03df 64       		.byte	0x64
 1189 03e0 11       		.uleb128 0x11
 1190 03e1 01       		.uleb128 0x1
 1191 03e2 50       		.byte	0x50
 1192 03e3 05       		.uleb128 0x5
 1193 03e4 03       		.byte	0x3
 1194 03e5 00000000 		.4byte	.LC0
 1195 03e9 00       		.byte	0
 1196 03ea 00       		.byte	0
 1197 03eb 07       		.uleb128 0x7
 1198 03ec 80030000 		.4byte	0x380
 1199 03f0 FB030000 		.4byte	0x3fb
 1200 03f4 08       		.uleb128 0x8
 1201 03f5 C7000000 		.4byte	0xc7
 1202 03f9 15       		.byte	0x15
 1203 03fa 00       		.byte	0
 1204 03fb 05       		.uleb128 0x5
 1205 03fc EB030000 		.4byte	0x3eb
 1206 0400 12       		.uleb128 0x12
 1207 0401 50000000 		.4byte	.LASF56
 1208 0405 01       		.byte	0x1
 1209 0406 82       		.byte	0x82
 1210 0407 00000000 		.4byte	.LFB2
 1211 040b 30000000 		.4byte	.LFE2-.LFB2
 1212 040f 01       		.uleb128 0x1
 1213 0410 9C       		.byte	0x9c
 1214 0411 12       		.uleb128 0x12
 1215 0412 EE000000 		.4byte	.LASF57
 1216 0416 01       		.byte	0x1
 1217 0417 90       		.byte	0x90
 1218 0418 00000000 		.4byte	.LFB3
 1219 041c 2C000000 		.4byte	.LFE3-.LFB3
 1220 0420 01       		.uleb128 0x1
 1221 0421 9C       		.byte	0x9c
 1222 0422 13       		.uleb128 0x13
 1223 0423 3B010000 		.4byte	.LASF71
 1224 0427 01       		.byte	0x1
 1225 0428 A0       		.byte	0xa0
 1226 0429 8C000000 		.4byte	0x8c
 1227 042d 00000000 		.4byte	.LFB4
 1228 0431 44000000 		.4byte	.LFE4-.LFB4
 1229 0435 01       		.uleb128 0x1
 1230 0436 9C       		.byte	0x9c
 1231 0437 85040000 		.4byte	0x485
 1232 043b 0E       		.uleb128 0xe
 1233 043c 3F030000 		.4byte	.LASF54
 1234 0440 01       		.byte	0x1
 1235 0441 A0       		.byte	0xa0
ARM GAS  /tmp/ccfSE4ot.s 			page 23


 1236 0442 8C000000 		.4byte	0x8c
 1237 0446 72000000 		.4byte	.LLST2
 1238 044a 0F       		.uleb128 0xf
 1239 044b 03030000 		.4byte	.LASF55
 1240 044f 95040000 		.4byte	0x495
 1241 0453 05       		.uleb128 0x5
 1242 0454 03       		.byte	0x3
 1243 0455 00000000 		.4byte	__func__.4818
 1244 0459 10       		.uleb128 0x10
 1245 045a 34000000 		.4byte	.LVL17
 1246 045e 7C050000 		.4byte	0x57c
 1247 0462 11       		.uleb128 0x11
 1248 0463 01       		.uleb128 0x1
 1249 0464 53       		.byte	0x53
 1250 0465 05       		.uleb128 0x5
 1251 0466 03       		.byte	0x3
 1252 0467 3C000000 		.4byte	.LC1
 1253 046b 11       		.uleb128 0x11
 1254 046c 01       		.uleb128 0x1
 1255 046d 52       		.byte	0x52
 1256 046e 05       		.uleb128 0x5
 1257 046f 03       		.byte	0x3
 1258 0470 00000000 		.4byte	.LANCHOR2
 1259 0474 11       		.uleb128 0x11
 1260 0475 01       		.uleb128 0x1
 1261 0476 51       		.byte	0x51
 1262 0477 02       		.uleb128 0x2
 1263 0478 08       		.byte	0x8
 1264 0479 A2       		.byte	0xa2
 1265 047a 11       		.uleb128 0x11
 1266 047b 01       		.uleb128 0x1
 1267 047c 50       		.byte	0x50
 1268 047d 05       		.uleb128 0x5
 1269 047e 03       		.byte	0x3
 1270 047f 00000000 		.4byte	.LC0
 1271 0483 00       		.byte	0
 1272 0484 00       		.byte	0
 1273 0485 07       		.uleb128 0x7
 1274 0486 80030000 		.4byte	0x380
 1275 048a 95040000 		.4byte	0x495
 1276 048e 08       		.uleb128 0x8
 1277 048f C7000000 		.4byte	0xc7
 1278 0493 13       		.byte	0x13
 1279 0494 00       		.byte	0
 1280 0495 05       		.uleb128 0x5
 1281 0496 85040000 		.4byte	0x485
 1282 049a 0D       		.uleb128 0xd
 1283 049b 62010000 		.4byte	.LASF58
 1284 049f 01       		.byte	0x1
 1285 04a0 AE       		.byte	0xae
 1286 04a1 00000000 		.4byte	.LFB5
 1287 04a5 90000000 		.4byte	.LFE5-.LFB5
 1288 04a9 01       		.uleb128 0x1
 1289 04aa 9C       		.byte	0x9c
 1290 04ab DD040000 		.4byte	0x4dd
 1291 04af 0E       		.uleb128 0xe
 1292 04b0 2B030000 		.4byte	.LASF59
ARM GAS  /tmp/ccfSE4ot.s 			page 24


 1293 04b4 01       		.byte	0x1
 1294 04b5 AE       		.byte	0xae
 1295 04b6 8C000000 		.4byte	0x8c
 1296 04ba D2000000 		.4byte	.LLST3
 1297 04be 0E       		.uleb128 0xe
 1298 04bf 44000000 		.4byte	.LASF60
 1299 04c3 01       		.byte	0x1
 1300 04c4 AE       		.byte	0xae
 1301 04c5 8C000000 		.4byte	0x8c
 1302 04c9 0C010000 		.4byte	.LLST4
 1303 04cd 14       		.uleb128 0x14
 1304 04ce A8030000 		.4byte	.LASF63
 1305 04d2 01       		.byte	0x1
 1306 04d3 B0       		.byte	0xb0
 1307 04d4 8C000000 		.4byte	0x8c
 1308 04d8 46010000 		.4byte	.LLST5
 1309 04dc 00       		.byte	0
 1310 04dd 0D       		.uleb128 0xd
 1311 04de 65040000 		.4byte	.LASF61
 1312 04e2 01       		.byte	0x1
 1313 04e3 D4       		.byte	0xd4
 1314 04e4 00000000 		.4byte	.LFB6
 1315 04e8 2C000000 		.4byte	.LFE6-.LFB6
 1316 04ec 01       		.uleb128 0x1
 1317 04ed 9C       		.byte	0x9c
 1318 04ee 0F050000 		.4byte	0x50f
 1319 04f2 15       		.uleb128 0x15
 1320 04f3 2B030000 		.4byte	.LASF59
 1321 04f7 01       		.byte	0x1
 1322 04f8 D4       		.byte	0xd4
 1323 04f9 8C000000 		.4byte	0x8c
 1324 04fd 01       		.uleb128 0x1
 1325 04fe 50       		.byte	0x50
 1326 04ff 0E       		.uleb128 0xe
 1327 0500 44000000 		.4byte	.LASF60
 1328 0504 01       		.byte	0x1
 1329 0505 D4       		.byte	0xd4
 1330 0506 8C000000 		.4byte	0x8c
 1331 050a 08020000 		.4byte	.LLST6
 1332 050e 00       		.byte	0
 1333 050f 0D       		.uleb128 0xd
 1334 0510 4B040000 		.4byte	.LASF62
 1335 0514 01       		.byte	0x1
 1336 0515 E3       		.byte	0xe3
 1337 0516 00000000 		.4byte	.LFB7
 1338 051a 20000000 		.4byte	.LFE7-.LFB7
 1339 051e 01       		.uleb128 0x1
 1340 051f 9C       		.byte	0x9c
 1341 0520 34050000 		.4byte	0x534
 1342 0524 14       		.uleb128 0x14
 1343 0525 A8030000 		.4byte	.LASF63
 1344 0529 01       		.byte	0x1
 1345 052a E5       		.byte	0xe5
 1346 052b 8C000000 		.4byte	0x8c
 1347 052f 29020000 		.4byte	.LLST7
 1348 0533 00       		.byte	0
 1349 0534 0D       		.uleb128 0xd
ARM GAS  /tmp/ccfSE4ot.s 			page 25


 1350 0535 84020000 		.4byte	.LASF64
 1351 0539 01       		.byte	0x1
 1352 053a EF       		.byte	0xef
 1353 053b 00000000 		.4byte	.LFB8
 1354 053f 60000000 		.4byte	.LFE8-.LFB8
 1355 0543 01       		.uleb128 0x1
 1356 0544 9C       		.byte	0x9c
 1357 0545 7C050000 		.4byte	0x57c
 1358 0549 15       		.uleb128 0x15
 1359 054a 2B000000 		.4byte	.LASF65
 1360 054e 01       		.byte	0x1
 1361 054f EF       		.byte	0xef
 1362 0550 81000000 		.4byte	0x81
 1363 0554 01       		.uleb128 0x1
 1364 0555 50       		.byte	0x50
 1365 0556 15       		.uleb128 0x15
 1366 0557 39030000 		.4byte	.LASF66
 1367 055b 01       		.byte	0x1
 1368 055c EF       		.byte	0xef
 1369 055d 8C000000 		.4byte	0x8c
 1370 0561 01       		.uleb128 0x1
 1371 0562 51       		.byte	0x51
 1372 0563 15       		.uleb128 0x15
 1373 0564 EC020000 		.4byte	.LASF67
 1374 0568 01       		.byte	0x1
 1375 0569 EF       		.byte	0xef
 1376 056a 8C000000 		.4byte	0x8c
 1377 056e 01       		.uleb128 0x1
 1378 056f 52       		.byte	0x52
 1379 0570 16       		.uleb128 0x16
 1380 0571 A8030000 		.4byte	.LASF63
 1381 0575 01       		.byte	0x1
 1382 0576 F1       		.byte	0xf1
 1383 0577 8C000000 		.4byte	0x8c
 1384 057b 00       		.byte	0
 1385 057c 17       		.uleb128 0x17
 1386 057d 72040000 		.4byte	.LASF72
 1387 0581 05       		.byte	0x5
 1388 0582 29       		.byte	0x29
 1389 0583 9C050000 		.4byte	0x59c
 1390 0587 18       		.uleb128 0x18
 1391 0588 9C050000 		.4byte	0x59c
 1392 058c 18       		.uleb128 0x18
 1393 058d 73000000 		.4byte	0x73
 1394 0591 18       		.uleb128 0x18
 1395 0592 9C050000 		.4byte	0x59c
 1396 0596 18       		.uleb128 0x18
 1397 0597 9C050000 		.4byte	0x59c
 1398 059b 00       		.byte	0
 1399 059c 19       		.uleb128 0x19
 1400 059d 04       		.byte	0x4
 1401 059e A2050000 		.4byte	0x5a2
 1402 05a2 05       		.uleb128 0x5
 1403 05a3 80030000 		.4byte	0x380
 1404 05a7 00       		.byte	0
 1405              		.section	.debug_abbrev,"",%progbits
 1406              	.Ldebug_abbrev0:
ARM GAS  /tmp/ccfSE4ot.s 			page 26


 1407 0000 01       		.uleb128 0x1
 1408 0001 11       		.uleb128 0x11
 1409 0002 01       		.byte	0x1
 1410 0003 25       		.uleb128 0x25
 1411 0004 0E       		.uleb128 0xe
 1412 0005 13       		.uleb128 0x13
 1413 0006 0B       		.uleb128 0xb
 1414 0007 03       		.uleb128 0x3
 1415 0008 0E       		.uleb128 0xe
 1416 0009 1B       		.uleb128 0x1b
 1417 000a 0E       		.uleb128 0xe
 1418 000b 55       		.uleb128 0x55
 1419 000c 17       		.uleb128 0x17
 1420 000d 11       		.uleb128 0x11
 1421 000e 01       		.uleb128 0x1
 1422 000f 10       		.uleb128 0x10
 1423 0010 17       		.uleb128 0x17
 1424 0011 00       		.byte	0
 1425 0012 00       		.byte	0
 1426 0013 02       		.uleb128 0x2
 1427 0014 24       		.uleb128 0x24
 1428 0015 00       		.byte	0
 1429 0016 0B       		.uleb128 0xb
 1430 0017 0B       		.uleb128 0xb
 1431 0018 3E       		.uleb128 0x3e
 1432 0019 0B       		.uleb128 0xb
 1433 001a 03       		.uleb128 0x3
 1434 001b 0E       		.uleb128 0xe
 1435 001c 00       		.byte	0
 1436 001d 00       		.byte	0
 1437 001e 03       		.uleb128 0x3
 1438 001f 16       		.uleb128 0x16
 1439 0020 00       		.byte	0
 1440 0021 03       		.uleb128 0x3
 1441 0022 0E       		.uleb128 0xe
 1442 0023 3A       		.uleb128 0x3a
 1443 0024 0B       		.uleb128 0xb
 1444 0025 3B       		.uleb128 0x3b
 1445 0026 0B       		.uleb128 0xb
 1446 0027 49       		.uleb128 0x49
 1447 0028 13       		.uleb128 0x13
 1448 0029 00       		.byte	0
 1449 002a 00       		.byte	0
 1450 002b 04       		.uleb128 0x4
 1451 002c 24       		.uleb128 0x24
 1452 002d 00       		.byte	0
 1453 002e 0B       		.uleb128 0xb
 1454 002f 0B       		.uleb128 0xb
 1455 0030 3E       		.uleb128 0x3e
 1456 0031 0B       		.uleb128 0xb
 1457 0032 03       		.uleb128 0x3
 1458 0033 08       		.uleb128 0x8
 1459 0034 00       		.byte	0
 1460 0035 00       		.byte	0
 1461 0036 05       		.uleb128 0x5
 1462 0037 26       		.uleb128 0x26
 1463 0038 00       		.byte	0
ARM GAS  /tmp/ccfSE4ot.s 			page 27


 1464 0039 49       		.uleb128 0x49
 1465 003a 13       		.uleb128 0x13
 1466 003b 00       		.byte	0
 1467 003c 00       		.byte	0
 1468 003d 06       		.uleb128 0x6
 1469 003e 35       		.uleb128 0x35
 1470 003f 00       		.byte	0
 1471 0040 49       		.uleb128 0x49
 1472 0041 13       		.uleb128 0x13
 1473 0042 00       		.byte	0
 1474 0043 00       		.byte	0
 1475 0044 07       		.uleb128 0x7
 1476 0045 01       		.uleb128 0x1
 1477 0046 01       		.byte	0x1
 1478 0047 49       		.uleb128 0x49
 1479 0048 13       		.uleb128 0x13
 1480 0049 01       		.uleb128 0x1
 1481 004a 13       		.uleb128 0x13
 1482 004b 00       		.byte	0
 1483 004c 00       		.byte	0
 1484 004d 08       		.uleb128 0x8
 1485 004e 21       		.uleb128 0x21
 1486 004f 00       		.byte	0
 1487 0050 49       		.uleb128 0x49
 1488 0051 13       		.uleb128 0x13
 1489 0052 2F       		.uleb128 0x2f
 1490 0053 0B       		.uleb128 0xb
 1491 0054 00       		.byte	0
 1492 0055 00       		.byte	0
 1493 0056 09       		.uleb128 0x9
 1494 0057 13       		.uleb128 0x13
 1495 0058 01       		.byte	0x1
 1496 0059 0B       		.uleb128 0xb
 1497 005a 05       		.uleb128 0x5
 1498 005b 3A       		.uleb128 0x3a
 1499 005c 0B       		.uleb128 0xb
 1500 005d 3B       		.uleb128 0x3b
 1501 005e 05       		.uleb128 0x5
 1502 005f 01       		.uleb128 0x1
 1503 0060 13       		.uleb128 0x13
 1504 0061 00       		.byte	0
 1505 0062 00       		.byte	0
 1506 0063 0A       		.uleb128 0xa
 1507 0064 0D       		.uleb128 0xd
 1508 0065 00       		.byte	0
 1509 0066 03       		.uleb128 0x3
 1510 0067 0E       		.uleb128 0xe
 1511 0068 3A       		.uleb128 0x3a
 1512 0069 0B       		.uleb128 0xb
 1513 006a 3B       		.uleb128 0x3b
 1514 006b 05       		.uleb128 0x5
 1515 006c 49       		.uleb128 0x49
 1516 006d 13       		.uleb128 0x13
 1517 006e 38       		.uleb128 0x38
 1518 006f 0B       		.uleb128 0xb
 1519 0070 00       		.byte	0
 1520 0071 00       		.byte	0
ARM GAS  /tmp/ccfSE4ot.s 			page 28


 1521 0072 0B       		.uleb128 0xb
 1522 0073 0D       		.uleb128 0xd
 1523 0074 00       		.byte	0
 1524 0075 03       		.uleb128 0x3
 1525 0076 0E       		.uleb128 0xe
 1526 0077 3A       		.uleb128 0x3a
 1527 0078 0B       		.uleb128 0xb
 1528 0079 3B       		.uleb128 0x3b
 1529 007a 05       		.uleb128 0x5
 1530 007b 49       		.uleb128 0x49
 1531 007c 13       		.uleb128 0x13
 1532 007d 38       		.uleb128 0x38
 1533 007e 05       		.uleb128 0x5
 1534 007f 00       		.byte	0
 1535 0080 00       		.byte	0
 1536 0081 0C       		.uleb128 0xc
 1537 0082 16       		.uleb128 0x16
 1538 0083 00       		.byte	0
 1539 0084 03       		.uleb128 0x3
 1540 0085 08       		.uleb128 0x8
 1541 0086 3A       		.uleb128 0x3a
 1542 0087 0B       		.uleb128 0xb
 1543 0088 3B       		.uleb128 0x3b
 1544 0089 05       		.uleb128 0x5
 1545 008a 49       		.uleb128 0x49
 1546 008b 13       		.uleb128 0x13
 1547 008c 00       		.byte	0
 1548 008d 00       		.byte	0
 1549 008e 0D       		.uleb128 0xd
 1550 008f 2E       		.uleb128 0x2e
 1551 0090 01       		.byte	0x1
 1552 0091 3F       		.uleb128 0x3f
 1553 0092 19       		.uleb128 0x19
 1554 0093 03       		.uleb128 0x3
 1555 0094 0E       		.uleb128 0xe
 1556 0095 3A       		.uleb128 0x3a
 1557 0096 0B       		.uleb128 0xb
 1558 0097 3B       		.uleb128 0x3b
 1559 0098 0B       		.uleb128 0xb
 1560 0099 27       		.uleb128 0x27
 1561 009a 19       		.uleb128 0x19
 1562 009b 11       		.uleb128 0x11
 1563 009c 01       		.uleb128 0x1
 1564 009d 12       		.uleb128 0x12
 1565 009e 06       		.uleb128 0x6
 1566 009f 40       		.uleb128 0x40
 1567 00a0 18       		.uleb128 0x18
 1568 00a1 9742     		.uleb128 0x2117
 1569 00a3 19       		.uleb128 0x19
 1570 00a4 01       		.uleb128 0x1
 1571 00a5 13       		.uleb128 0x13
 1572 00a6 00       		.byte	0
 1573 00a7 00       		.byte	0
 1574 00a8 0E       		.uleb128 0xe
 1575 00a9 05       		.uleb128 0x5
 1576 00aa 00       		.byte	0
 1577 00ab 03       		.uleb128 0x3
ARM GAS  /tmp/ccfSE4ot.s 			page 29


 1578 00ac 0E       		.uleb128 0xe
 1579 00ad 3A       		.uleb128 0x3a
 1580 00ae 0B       		.uleb128 0xb
 1581 00af 3B       		.uleb128 0x3b
 1582 00b0 0B       		.uleb128 0xb
 1583 00b1 49       		.uleb128 0x49
 1584 00b2 13       		.uleb128 0x13
 1585 00b3 02       		.uleb128 0x2
 1586 00b4 17       		.uleb128 0x17
 1587 00b5 00       		.byte	0
 1588 00b6 00       		.byte	0
 1589 00b7 0F       		.uleb128 0xf
 1590 00b8 34       		.uleb128 0x34
 1591 00b9 00       		.byte	0
 1592 00ba 03       		.uleb128 0x3
 1593 00bb 0E       		.uleb128 0xe
 1594 00bc 49       		.uleb128 0x49
 1595 00bd 13       		.uleb128 0x13
 1596 00be 34       		.uleb128 0x34
 1597 00bf 19       		.uleb128 0x19
 1598 00c0 02       		.uleb128 0x2
 1599 00c1 18       		.uleb128 0x18
 1600 00c2 00       		.byte	0
 1601 00c3 00       		.byte	0
 1602 00c4 10       		.uleb128 0x10
 1603 00c5 898201   		.uleb128 0x4109
 1604 00c8 01       		.byte	0x1
 1605 00c9 11       		.uleb128 0x11
 1606 00ca 01       		.uleb128 0x1
 1607 00cb 31       		.uleb128 0x31
 1608 00cc 13       		.uleb128 0x13
 1609 00cd 00       		.byte	0
 1610 00ce 00       		.byte	0
 1611 00cf 11       		.uleb128 0x11
 1612 00d0 8A8201   		.uleb128 0x410a
 1613 00d3 00       		.byte	0
 1614 00d4 02       		.uleb128 0x2
 1615 00d5 18       		.uleb128 0x18
 1616 00d6 9142     		.uleb128 0x2111
 1617 00d8 18       		.uleb128 0x18
 1618 00d9 00       		.byte	0
 1619 00da 00       		.byte	0
 1620 00db 12       		.uleb128 0x12
 1621 00dc 2E       		.uleb128 0x2e
 1622 00dd 00       		.byte	0
 1623 00de 3F       		.uleb128 0x3f
 1624 00df 19       		.uleb128 0x19
 1625 00e0 03       		.uleb128 0x3
 1626 00e1 0E       		.uleb128 0xe
 1627 00e2 3A       		.uleb128 0x3a
 1628 00e3 0B       		.uleb128 0xb
 1629 00e4 3B       		.uleb128 0x3b
 1630 00e5 0B       		.uleb128 0xb
 1631 00e6 27       		.uleb128 0x27
 1632 00e7 19       		.uleb128 0x19
 1633 00e8 11       		.uleb128 0x11
 1634 00e9 01       		.uleb128 0x1
ARM GAS  /tmp/ccfSE4ot.s 			page 30


 1635 00ea 12       		.uleb128 0x12
 1636 00eb 06       		.uleb128 0x6
 1637 00ec 40       		.uleb128 0x40
 1638 00ed 18       		.uleb128 0x18
 1639 00ee 9742     		.uleb128 0x2117
 1640 00f0 19       		.uleb128 0x19
 1641 00f1 00       		.byte	0
 1642 00f2 00       		.byte	0
 1643 00f3 13       		.uleb128 0x13
 1644 00f4 2E       		.uleb128 0x2e
 1645 00f5 01       		.byte	0x1
 1646 00f6 3F       		.uleb128 0x3f
 1647 00f7 19       		.uleb128 0x19
 1648 00f8 03       		.uleb128 0x3
 1649 00f9 0E       		.uleb128 0xe
 1650 00fa 3A       		.uleb128 0x3a
 1651 00fb 0B       		.uleb128 0xb
 1652 00fc 3B       		.uleb128 0x3b
 1653 00fd 0B       		.uleb128 0xb
 1654 00fe 27       		.uleb128 0x27
 1655 00ff 19       		.uleb128 0x19
 1656 0100 49       		.uleb128 0x49
 1657 0101 13       		.uleb128 0x13
 1658 0102 11       		.uleb128 0x11
 1659 0103 01       		.uleb128 0x1
 1660 0104 12       		.uleb128 0x12
 1661 0105 06       		.uleb128 0x6
 1662 0106 40       		.uleb128 0x40
 1663 0107 18       		.uleb128 0x18
 1664 0108 9742     		.uleb128 0x2117
 1665 010a 19       		.uleb128 0x19
 1666 010b 01       		.uleb128 0x1
 1667 010c 13       		.uleb128 0x13
 1668 010d 00       		.byte	0
 1669 010e 00       		.byte	0
 1670 010f 14       		.uleb128 0x14
 1671 0110 34       		.uleb128 0x34
 1672 0111 00       		.byte	0
 1673 0112 03       		.uleb128 0x3
 1674 0113 0E       		.uleb128 0xe
 1675 0114 3A       		.uleb128 0x3a
 1676 0115 0B       		.uleb128 0xb
 1677 0116 3B       		.uleb128 0x3b
 1678 0117 0B       		.uleb128 0xb
 1679 0118 49       		.uleb128 0x49
 1680 0119 13       		.uleb128 0x13
 1681 011a 02       		.uleb128 0x2
 1682 011b 17       		.uleb128 0x17
 1683 011c 00       		.byte	0
 1684 011d 00       		.byte	0
 1685 011e 15       		.uleb128 0x15
 1686 011f 05       		.uleb128 0x5
 1687 0120 00       		.byte	0
 1688 0121 03       		.uleb128 0x3
 1689 0122 0E       		.uleb128 0xe
 1690 0123 3A       		.uleb128 0x3a
 1691 0124 0B       		.uleb128 0xb
ARM GAS  /tmp/ccfSE4ot.s 			page 31


 1692 0125 3B       		.uleb128 0x3b
 1693 0126 0B       		.uleb128 0xb
 1694 0127 49       		.uleb128 0x49
 1695 0128 13       		.uleb128 0x13
 1696 0129 02       		.uleb128 0x2
 1697 012a 18       		.uleb128 0x18
 1698 012b 00       		.byte	0
 1699 012c 00       		.byte	0
 1700 012d 16       		.uleb128 0x16
 1701 012e 34       		.uleb128 0x34
 1702 012f 00       		.byte	0
 1703 0130 03       		.uleb128 0x3
 1704 0131 0E       		.uleb128 0xe
 1705 0132 3A       		.uleb128 0x3a
 1706 0133 0B       		.uleb128 0xb
 1707 0134 3B       		.uleb128 0x3b
 1708 0135 0B       		.uleb128 0xb
 1709 0136 49       		.uleb128 0x49
 1710 0137 13       		.uleb128 0x13
 1711 0138 00       		.byte	0
 1712 0139 00       		.byte	0
 1713 013a 17       		.uleb128 0x17
 1714 013b 2E       		.uleb128 0x2e
 1715 013c 01       		.byte	0x1
 1716 013d 3F       		.uleb128 0x3f
 1717 013e 19       		.uleb128 0x19
 1718 013f 03       		.uleb128 0x3
 1719 0140 0E       		.uleb128 0xe
 1720 0141 3A       		.uleb128 0x3a
 1721 0142 0B       		.uleb128 0xb
 1722 0143 3B       		.uleb128 0x3b
 1723 0144 0B       		.uleb128 0xb
 1724 0145 27       		.uleb128 0x27
 1725 0146 19       		.uleb128 0x19
 1726 0147 3C       		.uleb128 0x3c
 1727 0148 19       		.uleb128 0x19
 1728 0149 01       		.uleb128 0x1
 1729 014a 13       		.uleb128 0x13
 1730 014b 00       		.byte	0
 1731 014c 00       		.byte	0
 1732 014d 18       		.uleb128 0x18
 1733 014e 05       		.uleb128 0x5
 1734 014f 00       		.byte	0
 1735 0150 49       		.uleb128 0x49
 1736 0151 13       		.uleb128 0x13
 1737 0152 00       		.byte	0
 1738 0153 00       		.byte	0
 1739 0154 19       		.uleb128 0x19
 1740 0155 0F       		.uleb128 0xf
 1741 0156 00       		.byte	0
 1742 0157 0B       		.uleb128 0xb
 1743 0158 0B       		.uleb128 0xb
 1744 0159 49       		.uleb128 0x49
 1745 015a 13       		.uleb128 0x13
 1746 015b 00       		.byte	0
 1747 015c 00       		.byte	0
 1748 015d 00       		.byte	0
ARM GAS  /tmp/ccfSE4ot.s 			page 32


 1749              		.section	.debug_loc,"",%progbits
 1750              	.Ldebug_loc0:
 1751              	.LLST0:
 1752 0000 00000000 		.4byte	.LVL0
 1753 0004 1C000000 		.4byte	.LVL1
 1754 0008 0100     		.2byte	0x1
 1755 000a 50       		.byte	0x50
 1756 000b 1C000000 		.4byte	.LVL1
 1757 000f 22000000 		.4byte	.LVL2
 1758 0013 0300     		.2byte	0x3
 1759 0015 70       		.byte	0x70
 1760 0016 60       		.sleb128 -32
 1761 0017 9F       		.byte	0x9f
 1762 0018 22000000 		.4byte	.LVL2
 1763 001c 34000000 		.4byte	.LVL3
 1764 0020 0100     		.2byte	0x1
 1765 0022 50       		.byte	0x50
 1766 0023 34000000 		.4byte	.LVL3
 1767 0027 50000000 		.4byte	.LFE0
 1768 002b 0400     		.2byte	0x4
 1769 002d F3       		.byte	0xf3
 1770 002e 01       		.uleb128 0x1
 1771 002f 50       		.byte	0x50
 1772 0030 9F       		.byte	0x9f
 1773 0031 00000000 		.4byte	0
 1774 0035 00000000 		.4byte	0
 1775              	.LLST1:
 1776 0039 00000000 		.4byte	.LVL5
 1777 003d 0C000000 		.4byte	.LVL6
 1778 0041 0100     		.2byte	0x1
 1779 0043 50       		.byte	0x50
 1780 0044 0C000000 		.4byte	.LVL6
 1781 0048 12000000 		.4byte	.LVL7
 1782 004c 0300     		.2byte	0x3
 1783 004e 70       		.byte	0x70
 1784 004f 60       		.sleb128 -32
 1785 0050 9F       		.byte	0x9f
 1786 0051 12000000 		.4byte	.LVL7
 1787 0055 34000000 		.4byte	.LVL8
 1788 0059 0100     		.2byte	0x1
 1789 005b 50       		.byte	0x50
 1790 005c 34000000 		.4byte	.LVL8
 1791 0060 50000000 		.4byte	.LFE1
 1792 0064 0400     		.2byte	0x4
 1793 0066 F3       		.byte	0xf3
 1794 0067 01       		.uleb128 0x1
 1795 0068 50       		.byte	0x50
 1796 0069 9F       		.byte	0x9f
 1797 006a 00000000 		.4byte	0
 1798 006e 00000000 		.4byte	0
 1799              	.LLST2:
 1800 0072 00000000 		.4byte	.LVL10
 1801 0076 14000000 		.4byte	.LVL11
 1802 007a 0100     		.2byte	0x1
 1803 007c 50       		.byte	0x50
 1804 007d 14000000 		.4byte	.LVL11
 1805 0081 18000000 		.4byte	.LVL12
ARM GAS  /tmp/ccfSE4ot.s 			page 33


 1806 0085 0300     		.2byte	0x3
 1807 0087 70       		.byte	0x70
 1808 0088 20       		.sleb128 32
 1809 0089 9F       		.byte	0x9f
 1810 008a 18000000 		.4byte	.LVL12
 1811 008e 1C000000 		.4byte	.LVL13
 1812 0092 0400     		.2byte	0x4
 1813 0094 F3       		.byte	0xf3
 1814 0095 01       		.uleb128 0x1
 1815 0096 50       		.byte	0x50
 1816 0097 9F       		.byte	0x9f
 1817 0098 1C000000 		.4byte	.LVL13
 1818 009c 24000000 		.4byte	.LVL14
 1819 00a0 0100     		.2byte	0x1
 1820 00a2 50       		.byte	0x50
 1821 00a3 24000000 		.4byte	.LVL14
 1822 00a7 28000000 		.4byte	.LVL15
 1823 00ab 0400     		.2byte	0x4
 1824 00ad F3       		.byte	0xf3
 1825 00ae 01       		.uleb128 0x1
 1826 00af 50       		.byte	0x50
 1827 00b0 9F       		.byte	0x9f
 1828 00b1 28000000 		.4byte	.LVL15
 1829 00b5 2A000000 		.4byte	.LVL16
 1830 00b9 0100     		.2byte	0x1
 1831 00bb 50       		.byte	0x50
 1832 00bc 2A000000 		.4byte	.LVL16
 1833 00c0 44000000 		.4byte	.LFE4
 1834 00c4 0400     		.2byte	0x4
 1835 00c6 F3       		.byte	0xf3
 1836 00c7 01       		.uleb128 0x1
 1837 00c8 50       		.byte	0x50
 1838 00c9 9F       		.byte	0x9f
 1839 00ca 00000000 		.4byte	0
 1840 00ce 00000000 		.4byte	0
 1841              	.LLST3:
 1842 00d2 00000000 		.4byte	.LVL18
 1843 00d6 1C000000 		.4byte	.LVL19
 1844 00da 0100     		.2byte	0x1
 1845 00dc 50       		.byte	0x50
 1846 00dd 1C000000 		.4byte	.LVL19
 1847 00e1 4C000000 		.4byte	.LVL29
 1848 00e5 0400     		.2byte	0x4
 1849 00e7 F3       		.byte	0xf3
 1850 00e8 01       		.uleb128 0x1
 1851 00e9 50       		.byte	0x50
 1852 00ea 9F       		.byte	0x9f
 1853 00eb 4C000000 		.4byte	.LVL29
 1854 00ef 74000000 		.4byte	.LVL35
 1855 00f3 0100     		.2byte	0x1
 1856 00f5 50       		.byte	0x50
 1857 00f6 74000000 		.4byte	.LVL35
 1858 00fa 90000000 		.4byte	.LFE5
 1859 00fe 0400     		.2byte	0x4
 1860 0100 F3       		.byte	0xf3
 1861 0101 01       		.uleb128 0x1
 1862 0102 50       		.byte	0x50
ARM GAS  /tmp/ccfSE4ot.s 			page 34


 1863 0103 9F       		.byte	0x9f
 1864 0104 00000000 		.4byte	0
 1865 0108 00000000 		.4byte	0
 1866              	.LLST4:
 1867 010c 00000000 		.4byte	.LVL18
 1868 0110 36000000 		.4byte	.LVL24
 1869 0114 0100     		.2byte	0x1
 1870 0116 51       		.byte	0x51
 1871 0117 36000000 		.4byte	.LVL24
 1872 011b 4C000000 		.4byte	.LVL29
 1873 011f 0400     		.2byte	0x4
 1874 0121 F3       		.byte	0xf3
 1875 0122 01       		.uleb128 0x1
 1876 0123 51       		.byte	0x51
 1877 0124 9F       		.byte	0x9f
 1878 0125 4C000000 		.4byte	.LVL29
 1879 0129 5A000000 		.4byte	.LVL30
 1880 012d 0100     		.2byte	0x1
 1881 012f 51       		.byte	0x51
 1882 0130 5A000000 		.4byte	.LVL30
 1883 0134 90000000 		.4byte	.LFE5
 1884 0138 0400     		.2byte	0x4
 1885 013a F3       		.byte	0xf3
 1886 013b 01       		.uleb128 0x1
 1887 013c 51       		.byte	0x51
 1888 013d 9F       		.byte	0x9f
 1889 013e 00000000 		.4byte	0
 1890 0142 00000000 		.4byte	0
 1891              	.LLST5:
 1892 0146 00000000 		.4byte	.LVL18
 1893 014a 20000000 		.4byte	.LVL20
 1894 014e 0200     		.2byte	0x2
 1895 0150 30       		.byte	0x30
 1896 0151 9F       		.byte	0x9f
 1897 0152 20000000 		.4byte	.LVL20
 1898 0156 22000000 		.4byte	.LVL21
 1899 015a 0300     		.2byte	0x3
 1900 015c 73       		.byte	0x73
 1901 015d 01       		.sleb128 1
 1902 015e 9F       		.byte	0x9f
 1903 015f 22000000 		.4byte	.LVL21
 1904 0163 24000000 		.4byte	.LVL22
 1905 0167 0100     		.2byte	0x1
 1906 0169 53       		.byte	0x53
 1907 016a 24000000 		.4byte	.LVL22
 1908 016e 2A000000 		.4byte	.LVL23
 1909 0172 0300     		.2byte	0x3
 1910 0174 73       		.byte	0x73
 1911 0175 01       		.sleb128 1
 1912 0176 9F       		.byte	0x9f
 1913 0177 2A000000 		.4byte	.LVL23
 1914 017b 3A000000 		.4byte	.LVL25
 1915 017f 0100     		.2byte	0x1
 1916 0181 53       		.byte	0x53
 1917 0182 3A000000 		.4byte	.LVL25
 1918 0186 40000000 		.4byte	.LVL26
 1919 018a 0100     		.2byte	0x1
ARM GAS  /tmp/ccfSE4ot.s 			page 35


 1920 018c 51       		.byte	0x51
 1921 018d 40000000 		.4byte	.LVL26
 1922 0191 44000000 		.4byte	.LVL27
 1923 0195 0100     		.2byte	0x1
 1924 0197 53       		.byte	0x53
 1925 0198 44000000 		.4byte	.LVL27
 1926 019c 48000000 		.4byte	.LVL28
 1927 01a0 0100     		.2byte	0x1
 1928 01a2 51       		.byte	0x51
 1929 01a3 4C000000 		.4byte	.LVL29
 1930 01a7 5E000000 		.4byte	.LVL31
 1931 01ab 0200     		.2byte	0x2
 1932 01ad 30       		.byte	0x30
 1933 01ae 9F       		.byte	0x9f
 1934 01af 5E000000 		.4byte	.LVL31
 1935 01b3 60000000 		.4byte	.LVL32
 1936 01b7 0300     		.2byte	0x3
 1937 01b9 73       		.byte	0x73
 1938 01ba 01       		.sleb128 1
 1939 01bb 9F       		.byte	0x9f
 1940 01bc 60000000 		.4byte	.LVL32
 1941 01c0 62000000 		.4byte	.LVL33
 1942 01c4 0100     		.2byte	0x1
 1943 01c6 53       		.byte	0x53
 1944 01c7 62000000 		.4byte	.LVL33
 1945 01cb 68000000 		.4byte	.LVL34
 1946 01cf 0300     		.2byte	0x3
 1947 01d1 73       		.byte	0x73
 1948 01d2 01       		.sleb128 1
 1949 01d3 9F       		.byte	0x9f
 1950 01d4 68000000 		.4byte	.LVL34
 1951 01d8 78000000 		.4byte	.LVL36
 1952 01dc 0100     		.2byte	0x1
 1953 01de 53       		.byte	0x53
 1954 01df 78000000 		.4byte	.LVL36
 1955 01e3 7E000000 		.4byte	.LVL37
 1956 01e7 0100     		.2byte	0x1
 1957 01e9 51       		.byte	0x51
 1958 01ea 7E000000 		.4byte	.LVL37
 1959 01ee 82000000 		.4byte	.LVL38
 1960 01f2 0100     		.2byte	0x1
 1961 01f4 53       		.byte	0x53
 1962 01f5 82000000 		.4byte	.LVL38
 1963 01f9 90000000 		.4byte	.LFE5
 1964 01fd 0100     		.2byte	0x1
 1965 01ff 51       		.byte	0x51
 1966 0200 00000000 		.4byte	0
 1967 0204 00000000 		.4byte	0
 1968              	.LLST6:
 1969 0208 00000000 		.4byte	.LVL39
 1970 020c 0E000000 		.4byte	.LVL40
 1971 0210 0100     		.2byte	0x1
 1972 0212 51       		.byte	0x51
 1973 0213 0E000000 		.4byte	.LVL40
 1974 0217 2C000000 		.4byte	.LFE6
 1975 021b 0400     		.2byte	0x4
 1976 021d F3       		.byte	0xf3
ARM GAS  /tmp/ccfSE4ot.s 			page 36


 1977 021e 01       		.uleb128 0x1
 1978 021f 51       		.byte	0x51
 1979 0220 9F       		.byte	0x9f
 1980 0221 00000000 		.4byte	0
 1981 0225 00000000 		.4byte	0
 1982              	.LLST7:
 1983 0229 08000000 		.4byte	.LVL41
 1984 022d 0C000000 		.4byte	.LVL42
 1985 0231 0200     		.2byte	0x2
 1986 0233 30       		.byte	0x30
 1987 0234 9F       		.byte	0x9f
 1988 0235 0C000000 		.4byte	.LVL42
 1989 0239 0E000000 		.4byte	.LVL43
 1990 023d 0500     		.2byte	0x5
 1991 023f 31       		.byte	0x31
 1992 0240 73       		.byte	0x73
 1993 0241 00       		.sleb128 0
 1994 0242 1C       		.byte	0x1c
 1995 0243 9F       		.byte	0x9f
 1996 0244 0E000000 		.4byte	.LVL43
 1997 0248 10000000 		.4byte	.LVL44
 1998 024c 0400     		.2byte	0x4
 1999 024e 73       		.byte	0x73
 2000 024f 00       		.sleb128 0
 2001 0250 1F       		.byte	0x1f
 2002 0251 9F       		.byte	0x9f
 2003 0252 10000000 		.4byte	.LVL44
 2004 0256 16000000 		.4byte	.LVL45
 2005 025a 0500     		.2byte	0x5
 2006 025c 31       		.byte	0x31
 2007 025d 73       		.byte	0x73
 2008 025e 00       		.sleb128 0
 2009 025f 1C       		.byte	0x1c
 2010 0260 9F       		.byte	0x9f
 2011 0261 00000000 		.4byte	0
 2012 0265 00000000 		.4byte	0
 2013              		.section	.debug_aranges,"",%progbits
 2014 0000 5C000000 		.4byte	0x5c
 2015 0004 0200     		.2byte	0x2
 2016 0006 00000000 		.4byte	.Ldebug_info0
 2017 000a 04       		.byte	0x4
 2018 000b 00       		.byte	0
 2019 000c 0000     		.2byte	0
 2020 000e 0000     		.2byte	0
 2021 0010 00000000 		.4byte	.LFB0
 2022 0014 50000000 		.4byte	.LFE0-.LFB0
 2023 0018 00000000 		.4byte	.LFB1
 2024 001c 50000000 		.4byte	.LFE1-.LFB1
 2025 0020 00000000 		.4byte	.LFB2
 2026 0024 30000000 		.4byte	.LFE2-.LFB2
 2027 0028 00000000 		.4byte	.LFB3
 2028 002c 2C000000 		.4byte	.LFE3-.LFB3
 2029 0030 00000000 		.4byte	.LFB4
 2030 0034 44000000 		.4byte	.LFE4-.LFB4
 2031 0038 00000000 		.4byte	.LFB5
 2032 003c 90000000 		.4byte	.LFE5-.LFB5
 2033 0040 00000000 		.4byte	.LFB6
ARM GAS  /tmp/ccfSE4ot.s 			page 37


 2034 0044 2C000000 		.4byte	.LFE6-.LFB6
 2035 0048 00000000 		.4byte	.LFB7
 2036 004c 20000000 		.4byte	.LFE7-.LFB7
 2037 0050 00000000 		.4byte	.LFB8
 2038 0054 60000000 		.4byte	.LFE8-.LFB8
 2039 0058 00000000 		.4byte	0
 2040 005c 00000000 		.4byte	0
 2041              		.section	.debug_ranges,"",%progbits
 2042              	.Ldebug_ranges0:
 2043 0000 00000000 		.4byte	.LFB0
 2044 0004 50000000 		.4byte	.LFE0
 2045 0008 00000000 		.4byte	.LFB1
 2046 000c 50000000 		.4byte	.LFE1
 2047 0010 00000000 		.4byte	.LFB2
 2048 0014 30000000 		.4byte	.LFE2
 2049 0018 00000000 		.4byte	.LFB3
 2050 001c 2C000000 		.4byte	.LFE3
 2051 0020 00000000 		.4byte	.LFB4
 2052 0024 44000000 		.4byte	.LFE4
 2053 0028 00000000 		.4byte	.LFB5
 2054 002c 90000000 		.4byte	.LFE5
 2055 0030 00000000 		.4byte	.LFB6
 2056 0034 2C000000 		.4byte	.LFE6
 2057 0038 00000000 		.4byte	.LFB7
 2058 003c 20000000 		.4byte	.LFE7
 2059 0040 00000000 		.4byte	.LFB8
 2060 0044 60000000 		.4byte	.LFE8
 2061 0048 00000000 		.4byte	0
 2062 004c 00000000 		.4byte	0
 2063              		.section	.debug_line,"",%progbits
 2064              	.Ldebug_line0:
 2065 0000 27030000 		.section	.debug_str,"MS",%progbits,1
 2065      0200A201 
 2065      00000201 
 2065      FB0E0D00 
 2065      01010101 
 2066              	.LASF41:
 2067 0000 504D435F 		.ascii	"PMC_FOCR\000"
 2067      464F4352 
 2067      00
 2068              	.LASF40:
 2069 0009 504D435F 		.ascii	"PMC_FSPR\000"
 2069      46535052 
 2069      00
 2070              	.LASF36:
 2071 0012 504D435F 		.ascii	"PMC_IDR\000"
 2071      49445200 
 2072              	.LASF19:
 2073 001a 504D435F 		.ascii	"PMC_SCSR\000"
 2073      53435352 
 2073      00
 2074              	.LASF50:
 2075 0023 504D435F 		.ascii	"PMC_OCR\000"
 2075      4F435200 
 2076              	.LASF65:
 2077 002b 706C6C61 		.ascii	"pllab\000"
 2077      6200
ARM GAS  /tmp/ccfSE4ot.s 			page 38


 2078              	.LASF2:
 2079 0031 73686F72 		.ascii	"short int\000"
 2079      7420696E 
 2079      7400
 2080              	.LASF16:
 2081 003b 73697A65 		.ascii	"sizetype\000"
 2081      74797065 
 2081      00
 2082              	.LASF60:
 2083 0044 64775072 		.ascii	"dwPrescaler\000"
 2083      65736361 
 2083      6C657200 
 2084              	.LASF56:
 2085 0050 504D435F 		.ascii	"PMC_EnableAllPeripherals\000"
 2085      456E6162 
 2085      6C65416C 
 2085      6C506572 
 2085      69706865 
 2086              	.LASF6:
 2087 0069 5F5F7569 		.ascii	"__uint32_t\000"
 2087      6E743332 
 2087      5F7400
 2088              	.LASF21:
 2089 0074 504D435F 		.ascii	"PMC_PCER0\000"
 2089      50434552 
 2089      3000
 2090              	.LASF46:
 2091 007e 504D435F 		.ascii	"PMC_PCER1\000"
 2091      50434552 
 2091      3100
 2092              	.LASF14:
 2093 0088 576F5265 		.ascii	"WoReg\000"
 2093      6700
 2094              	.LASF39:
 2095 008e 504D435F 		.ascii	"PMC_FSMR\000"
 2095      46534D52 
 2095      00
 2096              	.LASF20:
 2097 0097 52657365 		.ascii	"Reserved1\000"
 2097      72766564 
 2097      3100
 2098              	.LASF24:
 2099 00a1 52657365 		.ascii	"Reserved2\000"
 2099      72766564 
 2099      3200
 2100              	.LASF11:
 2101 00ab 75696E74 		.ascii	"uint8_t\000"
 2101      385F7400 
 2102              	.LASF32:
 2103 00b3 52657365 		.ascii	"Reserved4\000"
 2103      72766564 
 2103      3400
 2104              	.LASF34:
 2105 00bd 52657365 		.ascii	"Reserved5\000"
 2105      72766564 
 2105      3500
 2106              	.LASF42:
ARM GAS  /tmp/ccfSE4ot.s 			page 39


 2107 00c7 52657365 		.ascii	"Reserved6\000"
 2107      72766564 
 2107      3600
 2108              	.LASF45:
 2109 00d1 52657365 		.ascii	"Reserved7\000"
 2109      72766564 
 2109      3700
 2110              	.LASF49:
 2111 00db 52657365 		.ascii	"Reserved8\000"
 2111      72766564 
 2111      3800
 2112              	.LASF25:
 2113 00e5 434B4752 		.ascii	"CKGR_MOR\000"
 2113      5F4D4F52 
 2113      00
 2114              	.LASF57:
 2115 00ee 504D435F 		.ascii	"PMC_DisableAllPeripherals\000"
 2115      44697361 
 2115      626C6541 
 2115      6C6C5065 
 2115      72697068 
 2116              	.LASF22:
 2117 0108 504D435F 		.ascii	"PMC_PCDR0\000"
 2117      50434452 
 2117      3000
 2118              	.LASF47:
 2119 0112 504D435F 		.ascii	"PMC_PCDR1\000"
 2119      50434452 
 2119      3100
 2120              	.LASF35:
 2121 011c 504D435F 		.ascii	"PMC_IER\000"
 2121      49455200 
 2122              	.LASF8:
 2123 0124 6C6F6E67 		.ascii	"long long int\000"
 2123      206C6F6E 
 2123      6720696E 
 2123      7400
 2124              	.LASF29:
 2125 0132 504D435F 		.ascii	"PMC_MCKR\000"
 2125      4D434B52 
 2125      00
 2126              	.LASF71:
 2127 013b 504D435F 		.ascii	"PMC_IsPeriphEnabled\000"
 2127      49735065 
 2127      72697068 
 2127      456E6162 
 2127      6C656400 
 2128              	.LASF4:
 2129 014f 6C6F6E67 		.ascii	"long int\000"
 2129      20696E74 
 2129      00
 2130              	.LASF5:
 2131 0158 5F5F7569 		.ascii	"__uint8_t\000"
 2131      6E74385F 
 2131      7400
 2132              	.LASF58:
 2133 0162 506D634D 		.ascii	"PmcMasterClockSelection\000"
ARM GAS  /tmp/ccfSE4ot.s 			page 40


 2133      61737465 
 2133      72436C6F 
 2133      636B5365 
 2133      6C656374 
 2134              	.LASF68:
 2135 017a 474E5520 		.ascii	"GNU C 4.9.3 20150529 (release) [ARM/embedded-4_9-br"
 2135      4320342E 
 2135      392E3320 
 2135      32303135 
 2135      30353239 
 2136 01ad 616E6368 		.ascii	"anch revision 227977] -mcpu=cortex-m3 -mno-thumb-in"
 2136      20726576 
 2136      6973696F 
 2136      6E203232 
 2136      37393737 
 2137 01e0 74657277 		.ascii	"terwork -mthumb -ggdb -O2 -std=gnu99 -fomit-frame-p"
 2137      6F726B20 
 2137      2D6D7468 
 2137      756D6220 
 2137      2D676764 
 2138 0213 6F696E74 		.ascii	"ointer -falign-functions=16 -ffunction-sections -fd"
 2138      6572202D 
 2138      66616C69 
 2138      676E2D66 
 2138      756E6374 
 2139 0246 6174612D 		.ascii	"ata-sections -fno-common\000"
 2139      73656374 
 2139      696F6E73 
 2139      202D666E 
 2139      6F2D636F 
 2140              	.LASF38:
 2141 025f 504D435F 		.ascii	"PMC_IMR\000"
 2141      494D5200 
 2142              	.LASF13:
 2143 0267 526F5265 		.ascii	"RoReg\000"
 2143      6700
 2144              	.LASF1:
 2145 026d 756E7369 		.ascii	"unsigned char\000"
 2145      676E6564 
 2145      20636861 
 2145      7200
 2146              	.LASF43:
 2147 027b 504D435F 		.ascii	"PMC_WPMR\000"
 2147      57504D52 
 2147      00
 2148              	.LASF64:
 2149 0284 506D6343 		.ascii	"PmcConfigurePllClock\000"
 2149      6F6E6669 
 2149      67757265 
 2149      506C6C43 
 2149      6C6F636B 
 2150              	.LASF15:
 2151 0299 52775265 		.ascii	"RwReg\000"
 2151      6700
 2152              	.LASF0:
 2153 029f 7369676E 		.ascii	"signed char\000"
 2153      65642063 
ARM GAS  /tmp/ccfSE4ot.s 			page 41


 2153      68617200 
 2154              	.LASF9:
 2155 02ab 6C6F6E67 		.ascii	"long long unsigned int\000"
 2155      206C6F6E 
 2155      6720756E 
 2155      7369676E 
 2155      65642069 
 2156              	.LASF12:
 2157 02c2 75696E74 		.ascii	"uint32_t\000"
 2157      33325F74 
 2157      00
 2158              	.LASF10:
 2159 02cb 756E7369 		.ascii	"unsigned int\000"
 2159      676E6564 
 2159      20696E74 
 2159      00
 2160              	.LASF23:
 2161 02d8 504D435F 		.ascii	"PMC_PCSR0\000"
 2161      50435352 
 2161      3000
 2162              	.LASF48:
 2163 02e2 504D435F 		.ascii	"PMC_PCSR1\000"
 2163      50435352 
 2163      3100
 2164              	.LASF67:
 2165 02ec 64774469 		.ascii	"dwDiv\000"
 2165      7600
 2166              	.LASF44:
 2167 02f2 504D435F 		.ascii	"PMC_WPSR\000"
 2167      57505352 
 2167      00
 2168              	.LASF31:
 2169 02fb 504D435F 		.ascii	"PMC_USB\000"
 2169      55534200 
 2170              	.LASF55:
 2171 0303 5F5F6675 		.ascii	"__func__\000"
 2171      6E635F5F 
 2171      00
 2172              	.LASF3:
 2173 030c 73686F72 		.ascii	"short unsigned int\000"
 2173      7420756E 
 2173      7369676E 
 2173      65642069 
 2173      6E7400
 2174              	.LASF37:
 2175 031f 504D435F 		.ascii	"PMC_SR\000"
 2175      535200
 2176              	.LASF51:
 2177 0326 63686172 		.ascii	"char\000"
 2177      00
 2178              	.LASF59:
 2179 032b 6477436C 		.ascii	"dwClockSource\000"
 2179      6F636B53 
 2179      6F757263 
 2179      6500
 2180              	.LASF66:
 2181 0339 64774D75 		.ascii	"dwMul\000"
ARM GAS  /tmp/ccfSE4ot.s 			page 42


 2181      6C00
 2182              	.LASF54:
 2183 033f 64774964 		.ascii	"dwId\000"
 2183      00
 2184              	.LASF69:
 2185 0344 2E2E2F2E 		.ascii	"../../../../ext/ChibiOS//os/hal/platforms/AT91SAM3S"
 2185      2E2F2E2E 
 2185      2F2E2E2F 
 2185      6578742F 
 2185      43686962 
 2186 0377 2F706D63 		.ascii	"/pmc.c\000"
 2186      2E6300
 2187              	.LASF27:
 2188 037e 434B4752 		.ascii	"CKGR_PLLAR\000"
 2188      5F504C4C 
 2188      415200
 2189              	.LASF17:
 2190 0389 504D435F 		.ascii	"PMC_SCER\000"
 2190      53434552 
 2190      00
 2191              	.LASF53:
 2192 0392 504D435F 		.ascii	"PMC_DisablePeripheral\000"
 2192      44697361 
 2192      626C6550 
 2192      65726970 
 2192      68657261 
 2193              	.LASF63:
 2194 03a8 64775469 		.ascii	"dwTimeout\000"
 2194      6D656F75 
 2194      7400
 2195              	.LASF7:
 2196 03b2 6C6F6E67 		.ascii	"long unsigned int\000"
 2196      20756E73 
 2196      69676E65 
 2196      6420696E 
 2196      7400
 2197              	.LASF30:
 2198 03c4 52657365 		.ascii	"Reserved3\000"
 2198      72766564 
 2198      3300
 2199              	.LASF52:
 2200 03ce 504D435F 		.ascii	"PMC_EnablePeripheral\000"
 2200      456E6162 
 2200      6C655065 
 2200      72697068 
 2200      6572616C 
 2201              	.LASF70:
 2202 03e3 2F686F6D 		.ascii	"/home/nixtropy/Documents/Embebidos/stamp_repo/files"
 2202      652F6E69 
 2202      7874726F 
 2202      70792F44 
 2202      6F63756D 
 2203 0416 2F636F64 		.ascii	"/code/src/cain_examples/rf_board/psram_pck\000"
 2203      652F7372 
 2203      632F6361 
 2203      696E5F65 
 2203      78616D70 
ARM GAS  /tmp/ccfSE4ot.s 			page 43


 2204              	.LASF26:
 2205 0441 434B4752 		.ascii	"CKGR_MCFR\000"
 2205      5F4D4346 
 2205      5200
 2206              	.LASF62:
 2207 044b 506D634D 		.ascii	"PmcMainClockSwitchMainOsc\000"
 2207      61696E43 
 2207      6C6F636B 
 2207      53776974 
 2207      63684D61 
 2208              	.LASF61:
 2209 0465 436F6E66 		.ascii	"ConfigurePck\000"
 2209      69677572 
 2209      6550636B 
 2209      00
 2210              	.LASF72:
 2211 0472 5F5F6173 		.ascii	"__assert_func\000"
 2211      73657274 
 2211      5F66756E 
 2211      6300
 2212              	.LASF33:
 2213 0480 504D435F 		.ascii	"PMC_PCK\000"
 2213      50434B00 
 2214              	.LASF18:
 2215 0488 504D435F 		.ascii	"PMC_SCDR\000"
 2215      53434452 
 2215      00
 2216              	.LASF28:
 2217 0491 434B4752 		.ascii	"CKGR_PLLBR\000"
 2217      5F504C4C 
 2217      425200
 2218              		.ident	"GCC: (GNU Tools for ARM Embedded Processors) 4.9.3 20150529 (release) [ARM/embedded-4_9-br
ARM GAS  /tmp/ccfSE4ot.s 			page 44


DEFINED SYMBOLS
                            *ABS*:00000000 pmc.c
     /tmp/ccfSE4ot.s:19     .text.PMC_EnablePeripheral:00000000 $t
     /tmp/ccfSE4ot.s:25     .text.PMC_EnablePeripheral:00000000 PMC_EnablePeripheral
     /tmp/ccfSE4ot.s:87     .text.PMC_EnablePeripheral:00000040 $d
     /tmp/ccfSE4ot.s:95     .text.PMC_DisablePeripheral:00000000 $t
     /tmp/ccfSE4ot.s:101    .text.PMC_DisablePeripheral:00000000 PMC_DisablePeripheral
     /tmp/ccfSE4ot.s:162    .text.PMC_DisablePeripheral:00000040 $d
     /tmp/ccfSE4ot.s:170    .text.PMC_EnableAllPeripherals:00000000 $t
     /tmp/ccfSE4ot.s:176    .text.PMC_EnableAllPeripherals:00000000 PMC_EnableAllPeripherals
     /tmp/ccfSE4ot.s:212    .text.PMC_EnableAllPeripherals:0000002c $d
     /tmp/ccfSE4ot.s:217    .text.PMC_DisableAllPeripherals:00000000 $t
     /tmp/ccfSE4ot.s:223    .text.PMC_DisableAllPeripherals:00000000 PMC_DisableAllPeripherals
     /tmp/ccfSE4ot.s:258    .text.PMC_DisableAllPeripherals:00000028 $d
     /tmp/ccfSE4ot.s:263    .text.PMC_IsPeriphEnabled:00000000 $t
     /tmp/ccfSE4ot.s:269    .text.PMC_IsPeriphEnabled:00000000 PMC_IsPeriphEnabled
     /tmp/ccfSE4ot.s:323    .text.PMC_IsPeriphEnabled:00000034 $d
     /tmp/ccfSE4ot.s:331    .text.PmcMasterClockSelection:00000000 $t
     /tmp/ccfSE4ot.s:337    .text.PmcMasterClockSelection:00000000 PmcMasterClockSelection
     /tmp/ccfSE4ot.s:354    .text.PmcMasterClockSelection:0000000a $d
     /tmp/ccfSE4ot.s:358    .text.PmcMasterClockSelection:0000000e $t
     /tmp/ccfSE4ot.s:491    .text.PmcMasterClockSelection:0000008c $d
     /tmp/ccfSE4ot.s:496    .text.ConfigurePck:00000000 $t
     /tmp/ccfSE4ot.s:502    .text.ConfigurePck:00000000 ConfigurePck
     /tmp/ccfSE4ot.s:548    .text.ConfigurePck:00000024 $d
     /tmp/ccfSE4ot.s:554    .text.PmcMainClockSwitchMainOsc:00000000 $t
     /tmp/ccfSE4ot.s:560    .text.PmcMainClockSwitchMainOsc:00000000 PmcMainClockSwitchMainOsc
     /tmp/ccfSE4ot.s:596    .text.PmcMainClockSwitchMainOsc:00000018 $d
     /tmp/ccfSE4ot.s:602    .text.PmcConfigurePllClock:00000000 $t
     /tmp/ccfSE4ot.s:608    .text.PmcConfigurePllClock:00000000 PmcConfigurePllClock
     /tmp/ccfSE4ot.s:684    .text.PmcConfigurePllClock:00000058 $d
     /tmp/ccfSE4ot.s:690    .rodata.__func__.4818:00000000 $d
     /tmp/ccfSE4ot.s:694    .rodata.__func__.4818:00000000 __func__.4818
     /tmp/ccfSE4ot.s:697    .rodata.__func__.4792:00000000 $d
     /tmp/ccfSE4ot.s:701    .rodata.__func__.4792:00000000 __func__.4792
     /tmp/ccfSE4ot.s:704    .rodata.__func__.4796:00000000 $d
     /tmp/ccfSE4ot.s:708    .rodata.__func__.4796:00000000 __func__.4796
     /tmp/ccfSE4ot.s:711    .rodata.str1.4:00000000 $d
                     .debug_frame:00000010 $d

UNDEFINED SYMBOLS
__assert_func
