ARM GAS  /tmp/ccAjR3Vy.s 			page 1


   1              		.syntax unified
   2              		.cpu cortex-m3
   3              		.fpu softvfp
   4              		.eabi_attribute 20, 1
   5              		.eabi_attribute 21, 1
   6              		.eabi_attribute 23, 3
   7              		.eabi_attribute 24, 1
   8              		.eabi_attribute 25, 1
   9              		.eabi_attribute 26, 1
  10              		.eabi_attribute 30, 2
  11              		.eabi_attribute 34, 1
  12              		.eabi_attribute 18, 4
  13              		.thumb
  14              		.file	"atmel_psram.c"
  15              		.text
  16              	.Ltext0:
  17              		.cfi_sections	.debug_frame
  18              		.section	.text.BOARD_ConfigurePSRAM,"ax",%progbits
  19              		.align	2
  20              		.p2align 4,,15
  21              		.global	BOARD_ConfigurePSRAM
  22              		.thumb
  23              		.thumb_func
  24              		.type	BOARD_ConfigurePSRAM, %function
  25              	BOARD_ConfigurePSRAM:
  26              	.LFB29:
  27              		.file 1 "../../ext/ChibiOS/os/hal/platforms/AT91SAM3S/atmel_psram.c"
  28              		.loc 1 5 0
  29              		.cfi_startproc
  30              		@ args = 0, pretend = 0, frame = 0
  31              		@ frame_needed = 0, uses_anonymous_args = 0
  32              	.LVL0:
  33 0000 10B5     		push	{r4, lr}
  34              		.cfi_def_cfa_offset 8
  35              		.cfi_offset 4, -8
  36              		.cfi_offset 14, -4
  37              		.loc 1 5 0
  38 0002 0446     		mov	r4, r0
  39              		.loc 1 9 0
  40 0004 0A20     		movs	r0, #10
  41              	.LVL1:
  42 0006 FFF7FEFF 		bl	PMC_EnablePeripheral
  43              	.LVL2:
  44              		.loc 1 20 0
  45 000a 074B     		ldr	r3, .L3
  46              		.loc 1 38 0
  47 000c 4FF00911 		mov	r1, #589833
  48              		.loc 1 41 0
  49 0010 064A     		ldr	r2, .L3+4
  50              		.loc 1 20 0
  51 0012 2363     		str	r3, [r4, #48]
  52              		.loc 1 25 0
  53 0014 6363     		str	r3, [r4, #52]
  54              		.loc 1 38 0
  55 0016 A163     		str	r1, [r4, #56]
  56              		.loc 1 41 0
  57 0018 D36B     		ldr	r3, [r2, #60]
ARM GAS  /tmp/ccAjR3Vy.s 			page 2


  58              	.LVL3:
  59 001a 23F44053 		bic	r3, r3, #12288
  60              	.LVL4:
  61              		.loc 1 45 0
  62 001e 43F00303 		orr	r3, r3, #3
  63              	.LVL5:
  64              		.loc 1 42 0
  65 0022 E363     		str	r3, [r4, #60]
  66 0024 10BD     		pop	{r4, pc}
  67              	.LVL6:
  68              	.L4:
  69 0026 00BF     		.align	2
  70              	.L3:
  71 0028 03040304 		.word	67306499
  72 002c 00000E40 		.word	1074659328
  73              		.cfi_endproc
  74              	.LFE29:
  75              		.size	BOARD_ConfigurePSRAM, .-BOARD_ConfigurePSRAM
  76              		.text
  77              	.Letext0:
  78              		.file 2 "/home/nixtropy/opt/gcc-arm-none-eabi-4_9-2015q3/arm-none-eabi/include/machine/_default_ty
  79              		.file 3 "/home/nixtropy/opt/gcc-arm-none-eabi-4_9-2015q3/arm-none-eabi/include/sys/_stdint.h"
  80              		.file 4 "../../ext/ChibiOS/os/hal/platforms/AT91SAM3S/at91lib/SAM3S.h"
  81              		.file 5 "../../ext/ChibiOS/os/hal/platforms/AT91SAM3S/core_cm3.h"
  82              		.file 6 "../../ext/ChibiOS/os/hal/platforms/AT91SAM3S/pmc.h"
  83              		.section	.debug_info,"",%progbits
  84              	.Ldebug_info0:
  85 0000 1E020000 		.4byte	0x21e
  86 0004 0400     		.2byte	0x4
  87 0006 00000000 		.4byte	.Ldebug_abbrev0
  88 000a 04       		.byte	0x4
  89 000b 01       		.uleb128 0x1
  90 000c 1E000000 		.4byte	.LASF28
  91 0010 01       		.byte	0x1
  92 0011 4F020000 		.4byte	.LASF29
  93 0015 31010000 		.4byte	.LASF30
  94 0019 00000000 		.4byte	.Ldebug_ranges0+0
  95 001d 00000000 		.4byte	0
  96 0021 00000000 		.4byte	.Ldebug_line0
  97 0025 02       		.uleb128 0x2
  98 0026 01       		.byte	0x1
  99 0027 06       		.byte	0x6
 100 0028 BD020000 		.4byte	.LASF0
 101 002c 02       		.uleb128 0x2
 102 002d 01       		.byte	0x1
 103 002e 08       		.byte	0x8
 104 002f 23010000 		.4byte	.LASF1
 105 0033 02       		.uleb128 0x2
 106 0034 02       		.byte	0x2
 107 0035 05       		.byte	0x5
 108 0036 8A020000 		.4byte	.LASF2
 109 003a 02       		.uleb128 0x2
 110 003b 02       		.byte	0x2
 111 003c 07       		.byte	0x7
 112 003d 86010000 		.4byte	.LASF3
 113 0041 02       		.uleb128 0x2
 114 0042 04       		.byte	0x4
ARM GAS  /tmp/ccAjR3Vy.s 			page 3


 115 0043 05       		.byte	0x5
 116 0044 A7020000 		.4byte	.LASF4
 117 0048 03       		.uleb128 0x3
 118 0049 DE010000 		.4byte	.LASF9
 119 004d 02       		.byte	0x2
 120 004e 41       		.byte	0x41
 121 004f 53000000 		.4byte	0x53
 122 0053 02       		.uleb128 0x2
 123 0054 04       		.byte	0x4
 124 0055 07       		.byte	0x7
 125 0056 CC010000 		.4byte	.LASF5
 126 005a 02       		.uleb128 0x2
 127 005b 08       		.byte	0x8
 128 005c 05       		.byte	0x5
 129 005d 00000000 		.4byte	.LASF6
 130 0061 02       		.uleb128 0x2
 131 0062 08       		.byte	0x8
 132 0063 07       		.byte	0x7
 133 0064 16020000 		.4byte	.LASF7
 134 0068 04       		.uleb128 0x4
 135 0069 04       		.byte	0x4
 136 006a 05       		.byte	0x5
 137 006b 696E7400 		.ascii	"int\000"
 138 006f 02       		.uleb128 0x2
 139 0070 04       		.byte	0x4
 140 0071 07       		.byte	0x7
 141 0072 FF010000 		.4byte	.LASF8
 142 0076 03       		.uleb128 0x3
 143 0077 9E020000 		.4byte	.LASF10
 144 007b 03       		.byte	0x3
 145 007c 20       		.byte	0x20
 146 007d 48000000 		.4byte	0x48
 147 0081 03       		.uleb128 0x3
 148 0082 DE020000 		.4byte	.LASF11
 149 0086 04       		.byte	0x4
 150 0087 35       		.byte	0x35
 151 0088 8C000000 		.4byte	0x8c
 152 008c 05       		.uleb128 0x5
 153 008d 91000000 		.4byte	0x91
 154 0091 06       		.uleb128 0x6
 155 0092 76000000 		.4byte	0x76
 156 0096 03       		.uleb128 0x3
 157 0097 BC010000 		.4byte	.LASF12
 158 009b 04       		.byte	0x4
 159 009c 39       		.byte	0x39
 160 009d A1000000 		.4byte	0xa1
 161 00a1 06       		.uleb128 0x6
 162 00a2 76000000 		.4byte	0x76
 163 00a6 03       		.uleb128 0x3
 164 00a7 37020000 		.4byte	.LASF13
 165 00ab 04       		.byte	0x4
 166 00ac 3A       		.byte	0x3a
 167 00ad A1000000 		.4byte	0xa1
 168 00b1 02       		.uleb128 0x2
 169 00b2 04       		.byte	0x4
 170 00b3 07       		.byte	0x7
 171 00b4 3D020000 		.4byte	.LASF14
ARM GAS  /tmp/ccAjR3Vy.s 			page 4


 172 00b8 07       		.uleb128 0x7
 173 00b9 A6000000 		.4byte	0xa6
 174 00bd C8000000 		.4byte	0xc8
 175 00c1 08       		.uleb128 0x8
 176 00c2 B1000000 		.4byte	0xb1
 177 00c6 0B       		.byte	0xb
 178 00c7 00       		.byte	0
 179 00c8 09       		.uleb128 0x9
 180 00c9 10       		.byte	0x10
 181 00ca 04       		.byte	0x4
 182 00cb E111     		.2byte	0x11e1
 183 00cd 06010000 		.4byte	0x106
 184 00d1 0A       		.uleb128 0xa
 185 00d2 94020000 		.4byte	.LASF15
 186 00d6 04       		.byte	0x4
 187 00d7 E211     		.2byte	0x11e2
 188 00d9 A6000000 		.4byte	0xa6
 189 00dd 00       		.byte	0
 190 00de 0A       		.uleb128 0xa
 191 00df 0C020000 		.4byte	.LASF16
 192 00e3 04       		.byte	0x4
 193 00e4 E311     		.2byte	0x11e3
 194 00e6 A6000000 		.4byte	0xa6
 195 00ea 04       		.byte	0x4
 196 00eb 0A       		.uleb128 0xa
 197 00ec C2010000 		.4byte	.LASF17
 198 00f0 04       		.byte	0x4
 199 00f1 E411     		.2byte	0x11e4
 200 00f3 A6000000 		.4byte	0xa6
 201 00f7 08       		.byte	0x8
 202 00f8 0A       		.uleb128 0xa
 203 00f9 03010000 		.4byte	.LASF18
 204 00fd 04       		.byte	0x4
 205 00fe E511     		.2byte	0x11e5
 206 0100 A6000000 		.4byte	0xa6
 207 0104 0C       		.byte	0xc
 208 0105 00       		.byte	0
 209 0106 0B       		.uleb128 0xb
 210 0107 B0020000 		.4byte	.LASF19
 211 010b 04       		.byte	0x4
 212 010c E611     		.2byte	0x11e6
 213 010e C8000000 		.4byte	0xc8
 214 0112 09       		.uleb128 0x9
 215 0113 EC       		.byte	0xec
 216 0114 04       		.byte	0x4
 217 0115 E811     		.2byte	0x11e8
 218 0117 84010000 		.4byte	0x184
 219 011b 0A       		.uleb128 0xa
 220 011c 99010000 		.4byte	.LASF20
 221 0120 04       		.byte	0x4
 222 0121 E911     		.2byte	0x11e9
 223 0123 84010000 		.4byte	0x184
 224 0127 00       		.byte	0
 225 0128 0A       		.uleb128 0xa
 226 0129 14000000 		.4byte	.LASF21
 227 012d 04       		.byte	0x4
 228 012e EA11     		.2byte	0x11ea
ARM GAS  /tmp/ccAjR3Vy.s 			page 5


 229 0130 94010000 		.4byte	0x194
 230 0134 50       		.byte	0x50
 231 0135 0A       		.uleb128 0xa
 232 0136 7D010000 		.4byte	.LASF22
 233 013a 04       		.byte	0x4
 234 013b EB11     		.2byte	0x11eb
 235 013d A6000000 		.4byte	0xa6
 236 0141 80       		.byte	0x80
 237 0142 0A       		.uleb128 0xa
 238 0143 0C010000 		.4byte	.LASF23
 239 0147 04       		.byte	0x4
 240 0148 EC11     		.2byte	0x11ec
 241 014a 96000000 		.4byte	0x96
 242 014e 84       		.byte	0x84
 243 014f 0A       		.uleb128 0xa
 244 0150 15010000 		.4byte	.LASF24
 245 0154 04       		.byte	0x4
 246 0155 ED11     		.2byte	0x11ed
 247 0157 96000000 		.4byte	0x96
 248 015b 88       		.byte	0x88
 249 015c 0A       		.uleb128 0xa
 250 015d 2D020000 		.4byte	.LASF25
 251 0161 04       		.byte	0x4
 252 0162 EE11     		.2byte	0x11ee
 253 0164 A9010000 		.4byte	0x1a9
 254 0168 8C       		.byte	0x8c
 255 0169 0A       		.uleb128 0xa
 256 016a F6010000 		.4byte	.LASF26
 257 016e 04       		.byte	0x4
 258 016f EF11     		.2byte	0x11ef
 259 0171 A6000000 		.4byte	0xa6
 260 0175 E4       		.byte	0xe4
 261 0176 0A       		.uleb128 0xa
 262 0177 46020000 		.4byte	.LASF27
 263 017b 04       		.byte	0x4
 264 017c F011     		.2byte	0x11f0
 265 017e 81000000 		.4byte	0x81
 266 0182 E8       		.byte	0xe8
 267 0183 00       		.byte	0
 268 0184 07       		.uleb128 0x7
 269 0185 06010000 		.4byte	0x106
 270 0189 94010000 		.4byte	0x194
 271 018d 08       		.uleb128 0x8
 272 018e B1000000 		.4byte	0xb1
 273 0192 04       		.byte	0x4
 274 0193 00       		.byte	0
 275 0194 06       		.uleb128 0x6
 276 0195 B8000000 		.4byte	0xb8
 277 0199 07       		.uleb128 0x7
 278 019a A6000000 		.4byte	0xa6
 279 019e A9010000 		.4byte	0x1a9
 280 01a2 08       		.uleb128 0x8
 281 01a3 B1000000 		.4byte	0xb1
 282 01a7 15       		.byte	0x15
 283 01a8 00       		.byte	0
 284 01a9 06       		.uleb128 0x6
 285 01aa 99010000 		.4byte	0x199
ARM GAS  /tmp/ccAjR3Vy.s 			page 6


 286 01ae 0C       		.uleb128 0xc
 287 01af 536D6300 		.ascii	"Smc\000"
 288 01b3 04       		.byte	0x4
 289 01b4 F111     		.2byte	0x11f1
 290 01b6 12010000 		.4byte	0x112
 291 01ba 0D       		.uleb128 0xd
 292 01bb A7010000 		.4byte	.LASF31
 293 01bf 01       		.byte	0x1
 294 01c0 04       		.byte	0x4
 295 01c1 00000000 		.4byte	.LFB29
 296 01c5 30000000 		.4byte	.LFE29-.LFB29
 297 01c9 01       		.uleb128 0x1
 298 01ca 9C       		.byte	0x9c
 299 01cb FD010000 		.4byte	0x1fd
 300 01cf 0E       		.uleb128 0xe
 301 01d0 1E010000 		.4byte	.LASF32
 302 01d4 01       		.byte	0x1
 303 01d5 04       		.byte	0x4
 304 01d6 FD010000 		.4byte	0x1fd
 305 01da 00000000 		.4byte	.LLST0
 306 01de 0F       		.uleb128 0xf
 307 01df 0E000000 		.4byte	.LASF33
 308 01e3 01       		.byte	0x1
 309 01e4 06       		.byte	0x6
 310 01e5 76000000 		.4byte	0x76
 311 01e9 2C000000 		.4byte	.LLST1
 312 01ed 10       		.uleb128 0x10
 313 01ee 0A000000 		.4byte	.LVL2
 314 01f2 14020000 		.4byte	0x214
 315 01f6 11       		.uleb128 0x11
 316 01f7 01       		.uleb128 0x1
 317 01f8 50       		.byte	0x50
 318 01f9 01       		.uleb128 0x1
 319 01fa 3A       		.byte	0x3a
 320 01fb 00       		.byte	0
 321 01fc 00       		.byte	0
 322 01fd 12       		.uleb128 0x12
 323 01fe 04       		.byte	0x4
 324 01ff AE010000 		.4byte	0x1ae
 325 0203 13       		.uleb128 0x13
 326 0204 E9010000 		.4byte	.LASF34
 327 0208 05       		.byte	0x5
 328 0209 CE06     		.2byte	0x6ce
 329 020b 0F020000 		.4byte	0x20f
 330 020f 06       		.uleb128 0x6
 331 0210 68000000 		.4byte	0x68
 332 0214 14       		.uleb128 0x14
 333 0215 C9020000 		.4byte	.LASF35
 334 0219 06       		.byte	0x6
 335 021a 2E       		.byte	0x2e
 336 021b 15       		.uleb128 0x15
 337 021c 76000000 		.4byte	0x76
 338 0220 00       		.byte	0
 339 0221 00       		.byte	0
 340              		.section	.debug_abbrev,"",%progbits
 341              	.Ldebug_abbrev0:
 342 0000 01       		.uleb128 0x1
ARM GAS  /tmp/ccAjR3Vy.s 			page 7


 343 0001 11       		.uleb128 0x11
 344 0002 01       		.byte	0x1
 345 0003 25       		.uleb128 0x25
 346 0004 0E       		.uleb128 0xe
 347 0005 13       		.uleb128 0x13
 348 0006 0B       		.uleb128 0xb
 349 0007 03       		.uleb128 0x3
 350 0008 0E       		.uleb128 0xe
 351 0009 1B       		.uleb128 0x1b
 352 000a 0E       		.uleb128 0xe
 353 000b 55       		.uleb128 0x55
 354 000c 17       		.uleb128 0x17
 355 000d 11       		.uleb128 0x11
 356 000e 01       		.uleb128 0x1
 357 000f 10       		.uleb128 0x10
 358 0010 17       		.uleb128 0x17
 359 0011 00       		.byte	0
 360 0012 00       		.byte	0
 361 0013 02       		.uleb128 0x2
 362 0014 24       		.uleb128 0x24
 363 0015 00       		.byte	0
 364 0016 0B       		.uleb128 0xb
 365 0017 0B       		.uleb128 0xb
 366 0018 3E       		.uleb128 0x3e
 367 0019 0B       		.uleb128 0xb
 368 001a 03       		.uleb128 0x3
 369 001b 0E       		.uleb128 0xe
 370 001c 00       		.byte	0
 371 001d 00       		.byte	0
 372 001e 03       		.uleb128 0x3
 373 001f 16       		.uleb128 0x16
 374 0020 00       		.byte	0
 375 0021 03       		.uleb128 0x3
 376 0022 0E       		.uleb128 0xe
 377 0023 3A       		.uleb128 0x3a
 378 0024 0B       		.uleb128 0xb
 379 0025 3B       		.uleb128 0x3b
 380 0026 0B       		.uleb128 0xb
 381 0027 49       		.uleb128 0x49
 382 0028 13       		.uleb128 0x13
 383 0029 00       		.byte	0
 384 002a 00       		.byte	0
 385 002b 04       		.uleb128 0x4
 386 002c 24       		.uleb128 0x24
 387 002d 00       		.byte	0
 388 002e 0B       		.uleb128 0xb
 389 002f 0B       		.uleb128 0xb
 390 0030 3E       		.uleb128 0x3e
 391 0031 0B       		.uleb128 0xb
 392 0032 03       		.uleb128 0x3
 393 0033 08       		.uleb128 0x8
 394 0034 00       		.byte	0
 395 0035 00       		.byte	0
 396 0036 05       		.uleb128 0x5
 397 0037 26       		.uleb128 0x26
 398 0038 00       		.byte	0
 399 0039 49       		.uleb128 0x49
ARM GAS  /tmp/ccAjR3Vy.s 			page 8


 400 003a 13       		.uleb128 0x13
 401 003b 00       		.byte	0
 402 003c 00       		.byte	0
 403 003d 06       		.uleb128 0x6
 404 003e 35       		.uleb128 0x35
 405 003f 00       		.byte	0
 406 0040 49       		.uleb128 0x49
 407 0041 13       		.uleb128 0x13
 408 0042 00       		.byte	0
 409 0043 00       		.byte	0
 410 0044 07       		.uleb128 0x7
 411 0045 01       		.uleb128 0x1
 412 0046 01       		.byte	0x1
 413 0047 49       		.uleb128 0x49
 414 0048 13       		.uleb128 0x13
 415 0049 01       		.uleb128 0x1
 416 004a 13       		.uleb128 0x13
 417 004b 00       		.byte	0
 418 004c 00       		.byte	0
 419 004d 08       		.uleb128 0x8
 420 004e 21       		.uleb128 0x21
 421 004f 00       		.byte	0
 422 0050 49       		.uleb128 0x49
 423 0051 13       		.uleb128 0x13
 424 0052 2F       		.uleb128 0x2f
 425 0053 0B       		.uleb128 0xb
 426 0054 00       		.byte	0
 427 0055 00       		.byte	0
 428 0056 09       		.uleb128 0x9
 429 0057 13       		.uleb128 0x13
 430 0058 01       		.byte	0x1
 431 0059 0B       		.uleb128 0xb
 432 005a 0B       		.uleb128 0xb
 433 005b 3A       		.uleb128 0x3a
 434 005c 0B       		.uleb128 0xb
 435 005d 3B       		.uleb128 0x3b
 436 005e 05       		.uleb128 0x5
 437 005f 01       		.uleb128 0x1
 438 0060 13       		.uleb128 0x13
 439 0061 00       		.byte	0
 440 0062 00       		.byte	0
 441 0063 0A       		.uleb128 0xa
 442 0064 0D       		.uleb128 0xd
 443 0065 00       		.byte	0
 444 0066 03       		.uleb128 0x3
 445 0067 0E       		.uleb128 0xe
 446 0068 3A       		.uleb128 0x3a
 447 0069 0B       		.uleb128 0xb
 448 006a 3B       		.uleb128 0x3b
 449 006b 05       		.uleb128 0x5
 450 006c 49       		.uleb128 0x49
 451 006d 13       		.uleb128 0x13
 452 006e 38       		.uleb128 0x38
 453 006f 0B       		.uleb128 0xb
 454 0070 00       		.byte	0
 455 0071 00       		.byte	0
 456 0072 0B       		.uleb128 0xb
ARM GAS  /tmp/ccAjR3Vy.s 			page 9


 457 0073 16       		.uleb128 0x16
 458 0074 00       		.byte	0
 459 0075 03       		.uleb128 0x3
 460 0076 0E       		.uleb128 0xe
 461 0077 3A       		.uleb128 0x3a
 462 0078 0B       		.uleb128 0xb
 463 0079 3B       		.uleb128 0x3b
 464 007a 05       		.uleb128 0x5
 465 007b 49       		.uleb128 0x49
 466 007c 13       		.uleb128 0x13
 467 007d 00       		.byte	0
 468 007e 00       		.byte	0
 469 007f 0C       		.uleb128 0xc
 470 0080 16       		.uleb128 0x16
 471 0081 00       		.byte	0
 472 0082 03       		.uleb128 0x3
 473 0083 08       		.uleb128 0x8
 474 0084 3A       		.uleb128 0x3a
 475 0085 0B       		.uleb128 0xb
 476 0086 3B       		.uleb128 0x3b
 477 0087 05       		.uleb128 0x5
 478 0088 49       		.uleb128 0x49
 479 0089 13       		.uleb128 0x13
 480 008a 00       		.byte	0
 481 008b 00       		.byte	0
 482 008c 0D       		.uleb128 0xd
 483 008d 2E       		.uleb128 0x2e
 484 008e 01       		.byte	0x1
 485 008f 3F       		.uleb128 0x3f
 486 0090 19       		.uleb128 0x19
 487 0091 03       		.uleb128 0x3
 488 0092 0E       		.uleb128 0xe
 489 0093 3A       		.uleb128 0x3a
 490 0094 0B       		.uleb128 0xb
 491 0095 3B       		.uleb128 0x3b
 492 0096 0B       		.uleb128 0xb
 493 0097 27       		.uleb128 0x27
 494 0098 19       		.uleb128 0x19
 495 0099 11       		.uleb128 0x11
 496 009a 01       		.uleb128 0x1
 497 009b 12       		.uleb128 0x12
 498 009c 06       		.uleb128 0x6
 499 009d 40       		.uleb128 0x40
 500 009e 18       		.uleb128 0x18
 501 009f 9742     		.uleb128 0x2117
 502 00a1 19       		.uleb128 0x19
 503 00a2 01       		.uleb128 0x1
 504 00a3 13       		.uleb128 0x13
 505 00a4 00       		.byte	0
 506 00a5 00       		.byte	0
 507 00a6 0E       		.uleb128 0xe
 508 00a7 05       		.uleb128 0x5
 509 00a8 00       		.byte	0
 510 00a9 03       		.uleb128 0x3
 511 00aa 0E       		.uleb128 0xe
 512 00ab 3A       		.uleb128 0x3a
 513 00ac 0B       		.uleb128 0xb
ARM GAS  /tmp/ccAjR3Vy.s 			page 10


 514 00ad 3B       		.uleb128 0x3b
 515 00ae 0B       		.uleb128 0xb
 516 00af 49       		.uleb128 0x49
 517 00b0 13       		.uleb128 0x13
 518 00b1 02       		.uleb128 0x2
 519 00b2 17       		.uleb128 0x17
 520 00b3 00       		.byte	0
 521 00b4 00       		.byte	0
 522 00b5 0F       		.uleb128 0xf
 523 00b6 34       		.uleb128 0x34
 524 00b7 00       		.byte	0
 525 00b8 03       		.uleb128 0x3
 526 00b9 0E       		.uleb128 0xe
 527 00ba 3A       		.uleb128 0x3a
 528 00bb 0B       		.uleb128 0xb
 529 00bc 3B       		.uleb128 0x3b
 530 00bd 0B       		.uleb128 0xb
 531 00be 49       		.uleb128 0x49
 532 00bf 13       		.uleb128 0x13
 533 00c0 02       		.uleb128 0x2
 534 00c1 17       		.uleb128 0x17
 535 00c2 00       		.byte	0
 536 00c3 00       		.byte	0
 537 00c4 10       		.uleb128 0x10
 538 00c5 898201   		.uleb128 0x4109
 539 00c8 01       		.byte	0x1
 540 00c9 11       		.uleb128 0x11
 541 00ca 01       		.uleb128 0x1
 542 00cb 31       		.uleb128 0x31
 543 00cc 13       		.uleb128 0x13
 544 00cd 00       		.byte	0
 545 00ce 00       		.byte	0
 546 00cf 11       		.uleb128 0x11
 547 00d0 8A8201   		.uleb128 0x410a
 548 00d3 00       		.byte	0
 549 00d4 02       		.uleb128 0x2
 550 00d5 18       		.uleb128 0x18
 551 00d6 9142     		.uleb128 0x2111
 552 00d8 18       		.uleb128 0x18
 553 00d9 00       		.byte	0
 554 00da 00       		.byte	0
 555 00db 12       		.uleb128 0x12
 556 00dc 0F       		.uleb128 0xf
 557 00dd 00       		.byte	0
 558 00de 0B       		.uleb128 0xb
 559 00df 0B       		.uleb128 0xb
 560 00e0 49       		.uleb128 0x49
 561 00e1 13       		.uleb128 0x13
 562 00e2 00       		.byte	0
 563 00e3 00       		.byte	0
 564 00e4 13       		.uleb128 0x13
 565 00e5 34       		.uleb128 0x34
 566 00e6 00       		.byte	0
 567 00e7 03       		.uleb128 0x3
 568 00e8 0E       		.uleb128 0xe
 569 00e9 3A       		.uleb128 0x3a
 570 00ea 0B       		.uleb128 0xb
ARM GAS  /tmp/ccAjR3Vy.s 			page 11


 571 00eb 3B       		.uleb128 0x3b
 572 00ec 05       		.uleb128 0x5
 573 00ed 49       		.uleb128 0x49
 574 00ee 13       		.uleb128 0x13
 575 00ef 3F       		.uleb128 0x3f
 576 00f0 19       		.uleb128 0x19
 577 00f1 3C       		.uleb128 0x3c
 578 00f2 19       		.uleb128 0x19
 579 00f3 00       		.byte	0
 580 00f4 00       		.byte	0
 581 00f5 14       		.uleb128 0x14
 582 00f6 2E       		.uleb128 0x2e
 583 00f7 01       		.byte	0x1
 584 00f8 3F       		.uleb128 0x3f
 585 00f9 19       		.uleb128 0x19
 586 00fa 03       		.uleb128 0x3
 587 00fb 0E       		.uleb128 0xe
 588 00fc 3A       		.uleb128 0x3a
 589 00fd 0B       		.uleb128 0xb
 590 00fe 3B       		.uleb128 0x3b
 591 00ff 0B       		.uleb128 0xb
 592 0100 27       		.uleb128 0x27
 593 0101 19       		.uleb128 0x19
 594 0102 3C       		.uleb128 0x3c
 595 0103 19       		.uleb128 0x19
 596 0104 00       		.byte	0
 597 0105 00       		.byte	0
 598 0106 15       		.uleb128 0x15
 599 0107 05       		.uleb128 0x5
 600 0108 00       		.byte	0
 601 0109 49       		.uleb128 0x49
 602 010a 13       		.uleb128 0x13
 603 010b 00       		.byte	0
 604 010c 00       		.byte	0
 605 010d 00       		.byte	0
 606              		.section	.debug_loc,"",%progbits
 607              	.Ldebug_loc0:
 608              	.LLST0:
 609 0000 00000000 		.4byte	.LVL0
 610 0004 06000000 		.4byte	.LVL1
 611 0008 0100     		.2byte	0x1
 612 000a 50       		.byte	0x50
 613 000b 06000000 		.4byte	.LVL1
 614 000f 26000000 		.4byte	.LVL6
 615 0013 0100     		.2byte	0x1
 616 0015 54       		.byte	0x54
 617 0016 26000000 		.4byte	.LVL6
 618 001a 30000000 		.4byte	.LFE29
 619 001e 0400     		.2byte	0x4
 620 0020 F3       		.byte	0xf3
 621 0021 01       		.uleb128 0x1
 622 0022 50       		.byte	0x50
 623 0023 9F       		.byte	0x9f
 624 0024 00000000 		.4byte	0
 625 0028 00000000 		.4byte	0
 626              	.LLST1:
 627 002c 1A000000 		.4byte	.LVL3
ARM GAS  /tmp/ccAjR3Vy.s 			page 12


 628 0030 1E000000 		.4byte	.LVL4
 629 0034 0700     		.2byte	0x7
 630 0036 73       		.byte	0x73
 631 0037 00       		.sleb128 0
 632 0038 0B       		.byte	0xb
 633 0039 FFCF     		.2byte	0xcfff
 634 003b 1A       		.byte	0x1a
 635 003c 9F       		.byte	0x9f
 636 003d 1E000000 		.4byte	.LVL4
 637 0041 22000000 		.4byte	.LVL5
 638 0045 0100     		.2byte	0x1
 639 0047 53       		.byte	0x53
 640 0048 00000000 		.4byte	0
 641 004c 00000000 		.4byte	0
 642              		.section	.debug_aranges,"",%progbits
 643 0000 1C000000 		.4byte	0x1c
 644 0004 0200     		.2byte	0x2
 645 0006 00000000 		.4byte	.Ldebug_info0
 646 000a 04       		.byte	0x4
 647 000b 00       		.byte	0
 648 000c 0000     		.2byte	0
 649 000e 0000     		.2byte	0
 650 0010 00000000 		.4byte	.LFB29
 651 0014 30000000 		.4byte	.LFE29-.LFB29
 652 0018 00000000 		.4byte	0
 653 001c 00000000 		.4byte	0
 654              		.section	.debug_ranges,"",%progbits
 655              	.Ldebug_ranges0:
 656 0000 00000000 		.4byte	.LFB29
 657 0004 30000000 		.4byte	.LFE29
 658 0008 00000000 		.4byte	0
 659 000c 00000000 		.4byte	0
 660              		.section	.debug_line,"",%progbits
 661              	.Ldebug_line0:
 662 0000 87010000 		.section	.debug_str,"MS",%progbits,1
 662      02006101 
 662      00000201 
 662      FB0E0D00 
 662      01010101 
 663              	.LASF6:
 664 0000 6C6F6E67 		.ascii	"long long int\000"
 664      206C6F6E 
 664      6720696E 
 664      7400
 665              	.LASF33:
 666 000e 6477546D 		.ascii	"dwTmp\000"
 666      7000
 667              	.LASF21:
 668 0014 52657365 		.ascii	"Reserved1\000"
 668      72766564 
 668      3100
 669              	.LASF28:
 670 001e 474E5520 		.ascii	"GNU C 4.9.3 20150529 (release) [ARM/embedded-4_9-br"
 670      4320342E 
 670      392E3320 
 670      32303135 
 670      30353239 
ARM GAS  /tmp/ccAjR3Vy.s 			page 13


 671 0051 616E6368 		.ascii	"anch revision 227977] -mcpu=cortex-m3 -mno-thumb-in"
 671      20726576 
 671      6973696F 
 671      6E203232 
 671      37393737 
 672 0084 74657277 		.ascii	"terwork -mthumb -ggdb -O2 -std=gnu99 -fomit-frame-p"
 672      6F726B20 
 672      2D6D7468 
 672      756D6220 
 672      2D676764 
 673 00b7 6F696E74 		.ascii	"ointer -falign-functions=16 -ffunction-sections -fd"
 673      6572202D 
 673      66616C69 
 673      676E2D66 
 673      756E6374 
 674 00ea 6174612D 		.ascii	"ata-sections -fno-common\000"
 674      73656374 
 674      696F6E73 
 674      202D666E 
 674      6F2D636F 
 675              	.LASF18:
 676 0103 534D435F 		.ascii	"SMC_MODE\000"
 676      4D4F4445 
 676      00
 677              	.LASF23:
 678 010c 534D435F 		.ascii	"SMC_KEY1\000"
 678      4B455931 
 678      00
 679              	.LASF24:
 680 0115 534D435F 		.ascii	"SMC_KEY2\000"
 680      4B455932 
 680      00
 681              	.LASF32:
 682 011e 70536D63 		.ascii	"pSmc\000"
 682      00
 683              	.LASF1:
 684 0123 756E7369 		.ascii	"unsigned char\000"
 684      676E6564 
 684      20636861 
 684      7200
 685              	.LASF30:
 686 0131 2F686F6D 		.ascii	"/home/nixtropy/Documents/Embebidos/stamp_repo/files"
 686      652F6E69 
 686      7874726F 
 686      70792F44 
 686      6F63756D 
 687 0164 2F636F64 		.ascii	"/code/src/chibios_muscle\000"
 687      652F7372 
 687      632F6368 
 687      6962696F 
 687      735F6D75 
 688              	.LASF22:
 689 017d 534D435F 		.ascii	"SMC_OCMS\000"
 689      4F434D53 
 689      00
 690              	.LASF3:
 691 0186 73686F72 		.ascii	"short unsigned int\000"
ARM GAS  /tmp/ccAjR3Vy.s 			page 14


 691      7420756E 
 691      7369676E 
 691      65642069 
 691      6E7400
 692              	.LASF20:
 693 0199 534D435F 		.ascii	"SMC_CS_NUMBER\000"
 693      43535F4E 
 693      554D4245 
 693      5200
 694              	.LASF31:
 695 01a7 424F4152 		.ascii	"BOARD_ConfigurePSRAM\000"
 695      445F436F 
 695      6E666967 
 695      75726550 
 695      5352414D 
 696              	.LASF12:
 697 01bc 576F5265 		.ascii	"WoReg\000"
 697      6700
 698              	.LASF17:
 699 01c2 534D435F 		.ascii	"SMC_CYCLE\000"
 699      4359434C 
 699      4500
 700              	.LASF5:
 701 01cc 6C6F6E67 		.ascii	"long unsigned int\000"
 701      20756E73 
 701      69676E65 
 701      6420696E 
 701      7400
 702              	.LASF9:
 703 01de 5F5F7569 		.ascii	"__uint32_t\000"
 703      6E743332 
 703      5F7400
 704              	.LASF34:
 705 01e9 49544D5F 		.ascii	"ITM_RxBuffer\000"
 705      52784275 
 705      66666572 
 705      00
 706              	.LASF26:
 707 01f6 534D435F 		.ascii	"SMC_WPMR\000"
 707      57504D52 
 707      00
 708              	.LASF8:
 709 01ff 756E7369 		.ascii	"unsigned int\000"
 709      676E6564 
 709      20696E74 
 709      00
 710              	.LASF16:
 711 020c 534D435F 		.ascii	"SMC_PULSE\000"
 711      50554C53 
 711      4500
 712              	.LASF7:
 713 0216 6C6F6E67 		.ascii	"long long unsigned int\000"
 713      206C6F6E 
 713      6720756E 
 713      7369676E 
 713      65642069 
 714              	.LASF25:
ARM GAS  /tmp/ccAjR3Vy.s 			page 15


 715 022d 52657365 		.ascii	"Reserved2\000"
 715      72766564 
 715      3200
 716              	.LASF13:
 717 0237 52775265 		.ascii	"RwReg\000"
 717      6700
 718              	.LASF14:
 719 023d 73697A65 		.ascii	"sizetype\000"
 719      74797065 
 719      00
 720              	.LASF27:
 721 0246 534D435F 		.ascii	"SMC_WPSR\000"
 721      57505352 
 721      00
 722              	.LASF29:
 723 024f 2E2E2F2E 		.ascii	"../../ext/ChibiOS/os/hal/platforms/AT91SAM3S/atmel_"
 723      2E2F6578 
 723      742F4368 
 723      6962694F 
 723      532F6F73 
 724 0282 70737261 		.ascii	"psram.c\000"
 724      6D2E6300 
 725              	.LASF2:
 726 028a 73686F72 		.ascii	"short int\000"
 726      7420696E 
 726      7400
 727              	.LASF15:
 728 0294 534D435F 		.ascii	"SMC_SETUP\000"
 728      53455455 
 728      5000
 729              	.LASF10:
 730 029e 75696E74 		.ascii	"uint32_t\000"
 730      33325F74 
 730      00
 731              	.LASF4:
 732 02a7 6C6F6E67 		.ascii	"long int\000"
 732      20696E74 
 732      00
 733              	.LASF19:
 734 02b0 536D6343 		.ascii	"SmcCs_number\000"
 734      735F6E75 
 734      6D626572 
 734      00
 735              	.LASF0:
 736 02bd 7369676E 		.ascii	"signed char\000"
 736      65642063 
 736      68617200 
 737              	.LASF35:
 738 02c9 504D435F 		.ascii	"PMC_EnablePeripheral\000"
 738      456E6162 
 738      6C655065 
 738      72697068 
 738      6572616C 
 739              	.LASF11:
 740 02de 526F5265 		.ascii	"RoReg\000"
 740      6700
 741              		.ident	"GCC: (GNU Tools for ARM Embedded Processors) 4.9.3 20150529 (release) [ARM/embedded-4_9-br
ARM GAS  /tmp/ccAjR3Vy.s 			page 16


ARM GAS  /tmp/ccAjR3Vy.s 			page 17


DEFINED SYMBOLS
                            *ABS*:00000000 atmel_psram.c
     /tmp/ccAjR3Vy.s:19     .text.BOARD_ConfigurePSRAM:00000000 $t
     /tmp/ccAjR3Vy.s:25     .text.BOARD_ConfigurePSRAM:00000000 BOARD_ConfigurePSRAM
     /tmp/ccAjR3Vy.s:71     .text.BOARD_ConfigurePSRAM:00000028 $d
                     .debug_frame:00000010 $d

UNDEFINED SYMBOLS
PMC_EnablePeripheral
